0:0:0:0:0:0:0:1 - - [19/Oct/2021:11:31:13 +0530] GET / HTTP/1.1 200 5724
0:0:0:0:0:0:0:1 - - [19/Oct/2021:11:31:13 +0530] GET /css/bootstrap.css HTTP/1.1 304 -
0:0:0:0:0:0:0:1 - - [19/Oct/2021:11:31:13 +0530] GET /css/krystal.css HTTP/1.1 304 -
0:0:0:0:0:0:0:1 - - [19/Oct/2021:11:31:17 +0530] POST /login HTTP/1.1 302 -
0:0:0:0:0:0:0:1 - - [19/Oct/2021:11:31:17 +0530] GET /console HTTP/1.1 200 10864
0:0:0:0:0:0:0:1 - - [19/Oct/2021:11:31:18 +0530] GET /console/profilepicture?size=medium&username=ADMINISTRATOR HTTP/1.1 200 1872
0:0:0:0:0:0:0:1 - - [19/Oct/2021:11:31:19 +0530] GET /console/opendocumentclass?classid=1 HTTP/1.1 200 15210
0:0:0:0:0:0:0:1 - - [19/Oct/2021:11:31:27 +0530] GET /js/bootstrap.bundle.js.map HTTP/1.1 404 -
0:0:0:0:0:0:0:1 - - [19/Oct/2021:11:32:07 +0530] GET /js/bootstrap.bundle.js.map HTTP/1.1 404 -
0:0:0:0:0:0:0:1 - - [19/Oct/2021:11:32:19 +0530] GET /console HTTP/1.1 200 10859
0:0:0:0:0:0:0:1 - - [19/Oct/2021:11:32:19 +0530] GET /css/bootstrap-dialog.css HTTP/1.1 200 2554
0:0:0:0:0:0:0:1 - - [19/Oct/2021:11:32:19 +0530] GET /css/datepicker.css HTTP/1.1 200 33702
0:0:0:0:0:0:0:1 - - [19/Oct/2021:11:32:19 +0530] GET /css/colorbox.css HTTP/1.1 200 4385
0:0:0:0:0:0:0:1 - - [19/Oct/2021:11:32:19 +0530] GET /css/sticky-footer-navbar.css HTTP/1.1 200 938
0:0:0:0:0:0:0:1 - - [19/Oct/2021:11:32:19 +0530] GET /css/morris.css HTTP/1.1 200 443
0:0:0:0:0:0:0:1 - - [19/Oct/2021:11:32:19 +0530] GET /css/bootstrap.css HTTP/1.1 200 213049
0:0:0:0:0:0:0:1 - - [19/Oct/2021:11:32:19 +0530] GET /css/krystal.css HTTP/1.1 200 7691
0:0:0:0:0:0:0:1 - - [19/Oct/2021:11:32:19 +0530] GET /css/bootstrap-icons.css HTTP/1.1 200 65631
0:0:0:0:0:0:0:1 - - [19/Oct/2021:11:32:19 +0530] GET /js/jquery.js HTTP/1.1 200 93435
0:0:0:0:0:0:0:1 - - [19/Oct/2021:11:32:19 +0530] GET /js/jquery.validate.min.js HTTP/1.1 200 21071
0:0:0:0:0:0:0:1 - - [19/Oct/2021:11:32:19 +0530] GET /js/additional-methods.min.js HTTP/1.1 200 13821
0:0:0:0:0:0:0:1 - - [19/Oct/2021:11:32:19 +0530] GET /js/bootstrap-dialog.js HTTP/1.1 200 21189
0:0:0:0:0:0:0:1 - - [19/Oct/2021:11:32:19 +0530] GET /js/odometer.min.js HTTP/1.1 200 9896
0:0:0:0:0:0:0:1 - - [19/Oct/2021:11:32:19 +0530] GET /js/bootstrap-datepicker.js HTTP/1.1 200 46820
0:0:0:0:0:0:0:1 - - [19/Oct/2021:11:32:19 +0530] GET /js/bootstrap.bundle.js HTTP/1.1 200 208002
0:0:0:0:0:0:0:1 - - [19/Oct/2021:11:32:19 +0530] GET /js/typeahead.min.js HTTP/1.1 200 21804
0:0:0:0:0:0:0:1 - - [19/Oct/2021:11:32:19 +0530] GET /js/jquery.colorbox-min.js HTTP/1.1 200 11095
0:0:0:0:0:0:0:1 - - [19/Oct/2021:11:32:19 +0530] GET /js/jquery.highlight.js HTTP/1.1 200 4089
0:0:0:0:0:0:0:1 - - [19/Oct/2021:11:32:19 +0530] GET /js/morris.js HTTP/1.1 200 60604
0:0:0:0:0:0:0:1 - - [19/Oct/2021:11:32:19 +0530] GET /js/raphael-min.js HTTP/1.1 200 90647
0:0:0:0:0:0:0:1 - - [19/Oct/2021:11:32:19 +0530] GET /js/scripts.js HTTP/1.1 200 18614
0:0:0:0:0:0:0:1 - - [19/Oct/2021:11:32:19 +0530] GET /images/krystal.png HTTP/1.1 200 7835
0:0:0:0:0:0:0:1 - - [19/Oct/2021:11:32:20 +0530] GET /console/profilepicture?size=medium&username=ADMINISTRATOR HTTP/1.1 200 1872
0:0:0:0:0:0:0:1 - - [19/Oct/2021:11:32:24 +0530] GET /js/bootstrap.bundle.js.map HTTP/1.1 404 -
0:0:0:0:0:0:0:1 - - [19/Oct/2021:11:32:24 +0530] GET /fonts/bootstrap-icons.woff2 HTTP/1.1 200 90528
0:0:0:0:0:0:0:1 - - [19/Oct/2021:11:32:26 +0530] GET /images/favicon.ico HTTP/1.1 200 1150
0:0:0:0:0:0:0:1 - - [19/Oct/2021:11:33:13 +0530] GET /js/bootstrap.bundle.js.map HTTP/1.1 404 -
0:0:0:0:0:0:0:1 - - [19/Oct/2021:11:33:35 +0530] GET /console HTTP/1.1 200 10859
0:0:0:0:0:0:0:1 - - [19/Oct/2021:11:33:35 +0530] GET /css/bootstrap.css HTTP/1.1 200 213049
0:0:0:0:0:0:0:1 - - [19/Oct/2021:11:33:36 +0530] GET /css/bootstrap-dialog.css HTTP/1.1 200 2554
0:0:0:0:0:0:0:1 - - [19/Oct/2021:11:33:36 +0530] GET /css/datepicker.css HTTP/1.1 200 33702
0:0:0:0:0:0:0:1 - - [19/Oct/2021:11:33:36 +0530] GET /css/morris.css HTTP/1.1 200 443
0:0:0:0:0:0:0:1 - - [19/Oct/2021:11:33:36 +0530] GET /css/colorbox.css HTTP/1.1 200 4385
0:0:0:0:0:0:0:1 - - [19/Oct/2021:11:33:36 +0530] GET /css/sticky-footer-navbar.css HTTP/1.1 200 938
0:0:0:0:0:0:0:1 - - [19/Oct/2021:11:33:36 +0530] GET /css/krystal.css HTTP/1.1 200 7691
0:0:0:0:0:0:0:1 - - [19/Oct/2021:11:33:36 +0530] GET /js/jquery.js HTTP/1.1 200 93435
0:0:0:0:0:0:0:1 - - [19/Oct/2021:11:33:36 +0530] GET /js/odometer.min.js HTTP/1.1 200 9896
0:0:0:0:0:0:0:1 - - [19/Oct/2021:11:33:36 +0530] GET /js/jquery.validate.min.js HTTP/1.1 200 21071
0:0:0:0:0:0:0:1 - - [19/Oct/2021:11:33:36 +0530] GET /css/bootstrap-icons.css HTTP/1.1 200 65631
0:0:0:0:0:0:0:1 - - [19/Oct/2021:11:33:36 +0530] GET /js/additional-methods.min.js HTTP/1.1 200 13821
0:0:0:0:0:0:0:1 - - [19/Oct/2021:11:33:36 +0530] GET /js/bootstrap-dialog.js HTTP/1.1 200 21189
0:0:0:0:0:0:0:1 - - [19/Oct/2021:11:33:36 +0530] GET /js/bootstrap-datepicker.js HTTP/1.1 200 46820
0:0:0:0:0:0:0:1 - - [19/Oct/2021:11:33:36 +0530] GET /js/jquery.highlight.js HTTP/1.1 200 4089
0:0:0:0:0:0:0:1 - - [19/Oct/2021:11:33:36 +0530] GET /js/jquery.colorbox-min.js HTTP/1.1 200 11095
0:0:0:0:0:0:0:1 - - [19/Oct/2021:11:33:36 +0530] GET /js/typeahead.min.js HTTP/1.1 200 21804
0:0:0:0:0:0:0:1 - - [19/Oct/2021:11:33:36 +0530] GET /js/bootstrap.bundle.js HTTP/1.1 200 208002
0:0:0:0:0:0:0:1 - - [19/Oct/2021:11:33:36 +0530] GET /js/morris.js HTTP/1.1 200 60604
0:0:0:0:0:0:0:1 - - [19/Oct/2021:11:33:36 +0530] GET /js/raphael-min.js HTTP/1.1 200 90647
0:0:0:0:0:0:0:1 - - [19/Oct/2021:11:33:36 +0530] GET /js/scripts.js HTTP/1.1 200 18614
0:0:0:0:0:0:0:1 - - [19/Oct/2021:11:33:36 +0530] GET /images/krystal.png HTTP/1.1 200 7835
0:0:0:0:0:0:0:1 - - [19/Oct/2021:11:33:36 +0530] GET /console/profilepicture?size=medium&username=ADMINISTRATOR HTTP/1.1 200 1872
0:0:0:0:0:0:0:1 - - [19/Oct/2021:11:33:36 +0530] GET /js/bootstrap.bundle.js.map HTTP/1.1 404 -
0:0:0:0:0:0:0:1 - - [19/Oct/2021:11:33:36 +0530] GET /fonts/bootstrap-icons.woff2 HTTP/1.1 200 90528
0:0:0:0:0:0:0:1 - - [19/Oct/2021:11:33:43 +0530] GET /images/favicon.ico HTTP/1.1 200 1150
0:0:0:0:0:0:0:1 - - [19/Oct/2021:11:33:45 +0530] GET /css/sticky-footer-navbar.css HTTP/1.1 304 -
0:0:0:0:0:0:0:1 - - [19/Oct/2021:11:33:45 +0530] GET /js/bootstrap.bundle.js.map HTTP/1.1 404 -
0:0:0:0:0:0:0:1 - - [19/Oct/2021:11:35:44 +0530] GET /console HTTP/1.1 200 10859
0:0:0:0:0:0:0:1 - - [19/Oct/2021:11:35:44 +0530] GET /css/sticky-footer-navbar.css HTTP/1.1 200 938
0:0:0:0:0:0:0:1 - - [19/Oct/2021:11:35:44 +0530] GET /css/bootstrap.css HTTP/1.1 200 213049
0:0:0:0:0:0:0:1 - - [19/Oct/2021:11:35:44 +0530] GET /css/bootstrap-dialog.css HTTP/1.1 200 2554
0:0:0:0:0:0:0:1 - - [19/Oct/2021:11:35:44 +0530] GET /css/datepicker.css HTTP/1.1 200 33702
0:0:0:0:0:0:0:1 - - [19/Oct/2021:11:35:44 +0530] GET /css/colorbox.css HTTP/1.1 200 4385
0:0:0:0:0:0:0:1 - - [19/Oct/2021:11:35:44 +0530] GET /css/krystal.css HTTP/1.1 200 7691
0:0:0:0:0:0:0:1 - - [19/Oct/2021:11:35:44 +0530] GET /css/bootstrap-icons.css HTTP/1.1 200 65631
0:0:0:0:0:0:0:1 - - [19/Oct/2021:11:35:44 +0530] GET /css/morris.css HTTP/1.1 200 443
0:0:0:0:0:0:0:1 - - [19/Oct/2021:11:35:44 +0530] GET /js/jquery.js HTTP/1.1 200 93435
0:0:0:0:0:0:0:1 - - [19/Oct/2021:11:35:44 +0530] GET /js/jquery.validate.min.js HTTP/1.1 200 21071
0:0:0:0:0:0:0:1 - - [19/Oct/2021:11:35:44 +0530] GET /js/additional-methods.min.js HTTP/1.1 200 13821
0:0:0:0:0:0:0:1 - - [19/Oct/2021:11:35:44 +0530] GET /js/odometer.min.js HTTP/1.1 200 9896
0:0:0:0:0:0:0:1 - - [19/Oct/2021:11:35:44 +0530] GET /js/bootstrap-datepicker.js HTTP/1.1 200 46820
0:0:0:0:0:0:0:1 - - [19/Oct/2021:11:35:44 +0530] GET /js/bootstrap-dialog.js HTTP/1.1 200 21189
0:0:0:0:0:0:0:1 - - [19/Oct/2021:11:35:44 +0530] GET /js/bootstrap.bundle.js HTTP/1.1 200 208002
0:0:0:0:0:0:0:1 - - [19/Oct/2021:11:35:44 +0530] GET /js/jquery.colorbox-min.js HTTP/1.1 200 11095
0:0:0:0:0:0:0:1 - - [19/Oct/2021:11:35:44 +0530] GET /js/typeahead.min.js HTTP/1.1 200 21804
0:0:0:0:0:0:0:1 - - [19/Oct/2021:11:35:44 +0530] GET /js/jquery.highlight.js HTTP/1.1 200 4089
0:0:0:0:0:0:0:1 - - [19/Oct/2021:11:35:44 +0530] GET /js/morris.js HTTP/1.1 200 60604
0:0:0:0:0:0:0:1 - - [19/Oct/2021:11:35:44 +0530] GET /js/raphael-min.js HTTP/1.1 200 90647
0:0:0:0:0:0:0:1 - - [19/Oct/2021:11:35:44 +0530] GET /js/scripts.js HTTP/1.1 200 18614
0:0:0:0:0:0:0:1 - - [19/Oct/2021:11:35:44 +0530] GET /images/krystal.png HTTP/1.1 200 7835
0:0:0:0:0:0:0:1 - - [19/Oct/2021:11:35:44 +0530] GET /js/bootstrap.bundle.js.map HTTP/1.1 404 -
0:0:0:0:0:0:0:1 - - [19/Oct/2021:11:35:44 +0530] GET /fonts/bootstrap-icons.woff2 HTTP/1.1 200 90528
0:0:0:0:0:0:0:1 - - [19/Oct/2021:11:35:44 +0530] GET /console/profilepicture?size=medium&username=ADMINISTRATOR HTTP/1.1 200 1872
0:0:0:0:0:0:0:1 - - [19/Oct/2021:11:35:48 +0530] GET /console/opendocumentclass?classid=1 HTTP/1.1 200 15210
0:0:0:0:0:0:0:1 - - [19/Oct/2021:11:35:50 +0530] GET /console/viewdocument?view=quick&documentid=68&revisionid=1.0 HTTP/1.1 200 12246
0:0:0:0:0:0:0:1 - - [19/Oct/2021:11:35:52 +0530] GET /console/mobiledocumentviewer?documentid=68&revisionid=1.0 HTTP/1.1 200 933
0:0:0:0:0:0:0:1 - - [19/Oct/2021:11:35:58 +0530] POST /console/newbookmark HTTP/1.1 200 203
0:0:0:0:0:0:0:1 - - [19/Oct/2021:11:36:01 +0530] GET /console/opendocumentclass?classid=1 HTTP/1.1 200 15210
0:0:0:0:0:0:0:1 - - [19/Oct/2021:11:36:01 +0530] GET /css/sticky-footer-navbar.css HTTP/1.1 304 -
0:0:0:0:0:0:0:1 - - [19/Oct/2021:11:36:01 +0530] GET /images/favicon.ico HTTP/1.1 200 1150
0:0:0:0:0:0:0:1 - - [19/Oct/2021:11:36:02 +0530] GET /console HTTP/1.1 200 11210
0:0:0:0:0:0:0:1 - - [19/Oct/2021:11:36:02 +0530] GET /console/profilepicture?size=medium&username=ADMINISTRATOR HTTP/1.1 200 1872
0:0:0:0:0:0:0:1 - - [19/Oct/2021:11:36:08 +0530] GET /js/bootstrap.bundle.js.map HTTP/1.1 404 -
0:0:0:0:0:0:0:1 - - [19/Oct/2021:11:36:08 +0530] GET /js/build/pdf.js.map HTTP/1.1 200 807642
0:0:0:0:0:0:0:1 - - [19/Oct/2021:11:36:08 +0530] GET /js/ViewerJS/viewer.js.map HTTP/1.1 200 833458
0:0:0:0:0:0:0:1 - - [19/Oct/2021:11:36:33 +0530] GET /js/bootstrap.bundle.js.map HTTP/1.1 404 -
0:0:0:0:0:0:0:1 - - [19/Oct/2021:11:36:33 +0530] GET /js/ViewerJS/viewer.js.map HTTP/1.1 200 833458
0:0:0:0:0:0:0:1 - - [19/Oct/2021:11:36:33 +0530] GET /js/build/pdf.js.map HTTP/1.1 200 807642
0:0:0:0:0:0:0:1 - - [19/Oct/2021:11:36:50 +0530] GET /console HTTP/1.1 200 11210
0:0:0:0:0:0:0:1 - - [19/Oct/2021:11:36:50 +0530] GET /css/sticky-footer-navbar.css HTTP/1.1 304 -
0:0:0:0:0:0:0:1 - - [19/Oct/2021:11:36:50 +0530] GET /console/profilepicture?size=medium&username=ADMINISTRATOR HTTP/1.1 200 1872
0:0:0:0:0:0:0:1 - - [19/Oct/2021:11:36:50 +0530] GET /images/favicon.ico HTTP/1.1 200 1150
0:0:0:0:0:0:0:1 - - [19/Oct/2021:11:36:55 +0530] GET /cpanel HTTP/1.1 200 6416
0:0:0:0:0:0:0:1 - - [19/Oct/2021:11:37:01 +0530] GET /js/bootstrap.bundle.js.map HTTP/1.1 404 -
0:0:0:0:0:0:0:1 - - [19/Oct/2021:11:37:25 +0530] GET /cpanel HTTP/1.1 200 6416
0:0:0:0:0:0:0:1 - - [19/Oct/2021:11:37:25 +0530] GET /css/sticky-footer-navbar.css HTTP/1.1 304 -
0:0:0:0:0:0:0:1 - - [19/Oct/2021:11:37:25 +0530] GET /images/favicon.ico HTTP/1.1 200 1150
0:0:0:0:0:0:0:1 - - [19/Oct/2021:11:37:27 +0530] GET /console HTTP/1.1 200 11210
0:0:0:0:0:0:0:1 - - [19/Oct/2021:11:37:27 +0530] GET /console/profilepicture?size=medium&username=ADMINISTRATOR HTTP/1.1 200 1872
0:0:0:0:0:0:0:1 - - [19/Oct/2021:11:37:35 +0530] GET /console/deletebookmark?bookmarkid=12 HTTP/1.1 200 11091
0:0:0:0:0:0:0:1 - - [19/Oct/2021:11:37:35 +0530] GET /console/profilepicture?size=medium&username=ADMINISTRATOR HTTP/1.1 200 1872
0:0:0:0:0:0:0:1 - - [19/Oct/2021:11:37:41 +0530] GET /js/bootstrap.bundle.js.map HTTP/1.1 404 -
0:0:0:0:0:0:0:1 - - [19/Oct/2021:11:38:19 +0530] GET /console/deletebookmark?bookmarkid=12 HTTP/1.1 200 11071
0:0:0:0:0:0:0:1 - - [19/Oct/2021:11:38:19 +0530] GET /css/sticky-footer-navbar.css HTTP/1.1 304 -
0:0:0:0:0:0:0:1 - - [19/Oct/2021:11:38:20 +0530] GET /console/profilepicture?size=medium&username=ADMINISTRATOR HTTP/1.1 200 1872
0:0:0:0:0:0:0:1 - - [19/Oct/2021:11:38:20 +0530] GET /images/favicon.ico HTTP/1.1 200 1150
0:0:0:0:0:0:0:1 - - [19/Oct/2021:11:38:24 +0530] GET / HTTP/1.1 302 -
0:0:0:0:0:0:0:1 - - [19/Oct/2021:11:38:24 +0530] GET /console HTTP/1.1 200 10885
0:0:0:0:0:0:0:1 - - [19/Oct/2021:11:38:25 +0530] GET /console/profilepicture?size=medium&username=ADMINISTRATOR HTTP/1.1 200 1872
0:0:0:0:0:0:0:1 - - [19/Oct/2021:11:38:31 +0530] GET /console/myprofile HTTP/1.1 200 14485
0:0:0:0:0:0:0:1 - - [19/Oct/2021:11:38:31 +0530] GET /console/profilepicture?username=ADMINISTRATOR HTTP/1.1 200 4114
0:0:0:0:0:0:0:1 - - [19/Oct/2021:11:38:41 +0530] POST /console/updateprofilepicture HTTP/1.1 200 14697
0:0:0:0:0:0:0:1 - - [19/Oct/2021:11:38:41 +0530] GET /console/profilepicture?username=ADMINISTRATOR HTTP/1.1 200 4114
0:0:0:0:0:0:0:1 - - [19/Oct/2021:11:38:56 +0530] POST /console/updateprofilepicture HTTP/1.1 200 14699
0:0:0:0:0:0:0:1 - - [19/Oct/2021:11:38:57 +0530] GET /css/sticky-footer-navbar.css HTTP/1.1 304 -
0:0:0:0:0:0:0:1 - - [19/Oct/2021:11:38:57 +0530] GET /console/profilepicture?username=ADMINISTRATOR HTTP/1.1 200 4114
0:0:0:0:0:0:0:1 - - [19/Oct/2021:11:41:24 +0530] GET /cpanel HTTP/1.1 200 6416
0:0:0:0:0:0:0:1 - - [19/Oct/2021:11:41:24 +0530] GET /css/sticky-footer-navbar.css HTTP/1.1 304 -
0:0:0:0:0:0:0:1 - - [19/Oct/2021:11:41:26 +0530] GET /cpanel/reports HTTP/1.1 200 6781
0:0:0:0:0:0:0:1 - - [19/Oct/2021:11:46:56 +0530] GET /cpanel/summary HTTP/1.1 302 -
0:0:0:0:0:0:0:1 - - [19/Oct/2021:11:46:56 +0530] GET / HTTP/1.1 200 5726
0:0:0:0:0:0:0:1 - - [19/Oct/2021:11:46:56 +0530] GET /css/sticky-footer-navbar.css HTTP/1.1 304 -
0:0:0:0:0:0:0:1 - - [19/Oct/2021:11:46:57 +0530] POST /login HTTP/1.1 302 -
0:0:0:0:0:0:0:1 - - [19/Oct/2021:11:46:57 +0530] GET /console HTTP/1.1 200 10857
0:0:0:0:0:0:0:1 - - [19/Oct/2021:11:46:58 +0530] GET /console/profilepicture?size=medium&username=ADMINISTRATOR HTTP/1.1 200 1872
0:0:0:0:0:0:0:1 - - [19/Oct/2021:11:47:02 +0530] GET /cpanel HTTP/1.1 200 6416
0:0:0:0:0:0:0:1 - - [19/Oct/2021:11:47:03 +0530] GET /cpanel/reports HTTP/1.1 200 6781
0:0:0:0:0:0:0:1 - - [19/Oct/2021:11:47:05 +0530] GET /cpanel/summary HTTP/1.1 200 9608
0:0:0:0:0:0:0:1 - - [19/Oct/2021:11:47:23 +0530] GET /cpanel/useraccesshistory HTTP/1.1 200 7528
0:0:0:0:0:0:0:1 - - [19/Oct/2021:11:47:32 +0530] POST /cpanel/useraccesshistory HTTP/1.1 200 18211
0:0:0:0:0:0:0:1 - - [19/Oct/2021:11:47:47 +0530] GET /cpanel/useraccesshistory HTTP/1.1 200 7528
0:0:0:0:0:0:0:1 - - [19/Oct/2021:11:47:50 +0530] GET /cpanel/documentclassaccesshistory HTTP/1.1 200 7622
0:0:0:0:0:0:0:1 - - [19/Oct/2021:11:47:54 +0530] POST /cpanel/documentclassaccesshistory HTTP/1.1 200 106329
0:0:0:0:0:0:0:1 - - [19/Oct/2021:11:48:04 +0530] POST /cpanel/documentclassaccesshistory HTTP/1.1 200 7885
0:0:0:0:0:0:0:1 - - [19/Oct/2021:11:48:09 +0530] POST /cpanel/documentclassaccesshistory HTTP/1.1 200 7885
0:0:0:0:0:0:0:1 - - [19/Oct/2021:11:48:12 +0530] POST /cpanel/documentclassaccesshistory HTTP/1.1 200 7885
0:0:0:0:0:0:0:1 - - [19/Oct/2021:11:48:17 +0530] POST /cpanel/documentclassaccesshistory HTTP/1.1 200 7885
0:0:0:0:0:0:0:1 - - [19/Oct/2021:11:48:17 +0530] GET /css/sticky-footer-navbar.css HTTP/1.1 304 -
0:0:0:0:0:0:0:1 - - [19/Oct/2021:11:48:24 +0530] POST /cpanel/documentclassaccesshistory HTTP/1.1 200 106339
0:0:0:0:0:0:0:1 - - [19/Oct/2021:11:48:46 +0530] POST /cpanel/documentclassaccesshistory HTTP/1.1 200 106339
0:0:0:0:0:0:0:1 - - [19/Oct/2021:11:49:00 +0530] POST /cpanel/documentclassaccesshistory HTTP/1.1 200 10754
0:0:0:0:0:0:0:1 - - [19/Oct/2021:11:49:05 +0530] POST /cpanel/documentclassaccesshistory HTTP/1.1 200 8233
0:0:0:0:0:0:0:1 - - [19/Oct/2021:11:49:11 +0530] GET /cpanel HTTP/1.1 200 6416
0:0:0:0:0:0:0:1 - - [19/Oct/2021:11:49:14 +0530] POST /console/search HTTP/1.1 200 6239
0:0:0:0:0:0:0:1 - - [19/Oct/2021:11:49:20 +0530] POST /console/search HTTP/1.1 200 7009
0:0:0:0:0:0:0:1 - - [19/Oct/2021:11:49:23 +0530] GET /console/viewdocument?documentid=9&revisionid=1.0 HTTP/1.1 200 17549
0:0:0:0:0:0:0:1 - - [19/Oct/2021:11:49:24 +0530] GET /js/ViewerJS/?file=/console/mobiledocumentviewer%3Fdocumentid%3D9%26revisionid%3D1.0 HTTP/1.1 200 19920
0:0:0:0:0:0:0:1 - - [19/Oct/2021:11:49:24 +0530] GET /console/mobiledocumentviewer?documentid=9&revisionid=1.0 HTTP/1.1 200 275069
0:0:0:0:0:0:0:1 - - [19/Oct/2021:11:50:15 +0530] GET /console/revisionhistory?documentid=9 HTTP/1.1 200 496
0:0:0:0:0:0:0:1 - - [19/Oct/2021:11:50:19 +0530] GET /cpanel HTTP/1.1 200 6416
0:0:0:0:0:0:0:1 - - [19/Oct/2021:11:50:19 +0530] GET /css/bootstrap.css HTTP/1.1 304 -
0:0:0:0:0:0:0:1 - - [19/Oct/2021:11:50:19 +0530] GET /css/sticky-footer-navbar.css HTTP/1.1 304 -
0:0:0:0:0:0:0:1 - - [19/Oct/2021:11:50:19 +0530] GET /css/krystal.css HTTP/1.1 304 -
0:0:0:0:0:0:0:1 - - [19/Oct/2021:11:50:20 +0530] GET /cpanel/users HTTP/1.1 200 7343
0:0:0:0:0:0:0:1 - - [19/Oct/2021:11:50:37 +0530] GET /cpanel/deleteuser?userid=1 HTTP/1.1 200 7541
0:0:0:0:0:0:0:1 - - [19/Oct/2021:11:50:47 +0530] GET /cpanel/edituser?userid=1 HTTP/1.1 200 8727
0:0:0:0:0:0:0:1 - - [19/Oct/2021:11:50:50 +0530] GET /cpanel/users HTTP/1.1 200 7343
0:0:0:0:0:0:0:1 - - [19/Oct/2021:17:44:48 +0530] GET / HTTP/1.1 200 5724
0:0:0:0:0:0:0:1 - - [19/Oct/2021:17:44:48 +0530] GET /css/bootstrap.css HTTP/1.1 304 -
0:0:0:0:0:0:0:1 - - [19/Oct/2021:17:44:48 +0530] GET /css/sticky-footer-navbar.css HTTP/1.1 304 -
0:0:0:0:0:0:0:1 - - [19/Oct/2021:17:44:48 +0530] GET /css/krystal.css HTTP/1.1 304 -
0:0:0:0:0:0:0:1 - - [19/Oct/2021:17:44:51 +0530] POST /login HTTP/1.1 302 -
0:0:0:0:0:0:0:1 - - [19/Oct/2021:17:44:51 +0530] GET /console HTTP/1.1 200 10861
0:0:0:0:0:0:0:1 - - [19/Oct/2021:17:44:52 +0530] GET /console/profilepicture?size=medium&username=ADMINISTRATOR HTTP/1.1 200 1872
0:0:0:0:0:0:0:1 - - [19/Oct/2021:17:44:53 +0530] GET /console/opendocumentclass?classid=1 HTTP/1.1 200 15210
0:0:0:0:0:0:0:1 - - [19/Oct/2021:17:44:59 +0530] GET /console/newdocument HTTP/1.1 200 6813
0:0:0:0:0:0:0:1 - - [19/Oct/2021:17:45:02 +0530] GET /console/newdocument?classid=1 HTTP/1.1 200 9396
0:0:0:0:0:0:0:1 - - [19/Oct/2021:17:45:09 +0530] POST /console/uploadprogress HTTP/1.1 200 -
0:0:0:0:0:0:0:1 - - [19/Oct/2021:17:45:09 +0530] POST /console/uploadprogress HTTP/1.1 200 167
0:0:0:0:0:0:0:1 - - [19/Oct/2021:17:45:09 +0530] POST /console/uploadprogress HTTP/1.1 200 167
0:0:0:0:0:0:0:1 - - [19/Oct/2021:17:45:09 +0530] POST /console/uploadprogress HTTP/1.1 200 167
0:0:0:0:0:0:0:1 - - [19/Oct/2021:17:45:09 +0530] POST /console/uploadprogress HTTP/1.1 200 167
0:0:0:0:0:0:0:1 - - [19/Oct/2021:17:45:09 +0530] POST /console/uploadprogress HTTP/1.1 200 167
0:0:0:0:0:0:0:1 - - [19/Oct/2021:17:45:09 +0530] POST /console/uploadprogress HTTP/1.1 200 167
0:0:0:0:0:0:0:1 - - [19/Oct/2021:17:45:09 +0530] POST /console/uploadprogress HTTP/1.1 200 167
0:0:0:0:0:0:0:1 - - [19/Oct/2021:17:45:09 +0530] POST /console/uploadprogress HTTP/1.1 200 167
0:0:0:0:0:0:0:1 - - [19/Oct/2021:17:45:09 +0530] POST /console/uploadprogress HTTP/1.1 200 167
0:0:0:0:0:0:0:1 - - [19/Oct/2021:17:45:09 +0530] POST /console/newdocument HTTP/1.1 200 -
0:0:0:0:0:0:0:1 - - [19/Oct/2021:17:45:09 +0530] POST /console/uploadprogress HTTP/1.1 200 141
0:0:0:0:0:0:0:1 - - [19/Oct/2021:17:45:10 +0530] GET /console HTTP/1.1 200 10879
0:0:0:0:0:0:0:1 - - [19/Oct/2021:17:45:10 +0530] GET /console/profilepicture?size=medium&username=ADMINISTRATOR HTTP/1.1 200 1872
0:0:0:0:0:0:0:1 - - [19/Oct/2021:17:45:11 +0530] GET /console/opendocumentclass?classid=1 HTTP/1.1 200 16206
0:0:0:0:0:0:0:1 - - [19/Oct/2021:17:45:13 +0530] GET /console/viewdocument?view=quick&documentid=69&revisionid=1.0 HTTP/1.1 200 12231
0:0:0:0:0:0:0:1 - - [19/Oct/2021:17:45:13 +0530] GET /js/ViewerJS/?file=/console/mobiledocumentviewer%3Fdocumentid%3D69%26revisionid%3D1.0 HTTP/1.1 200 19920
0:0:0:0:0:0:0:1 - - [19/Oct/2021:17:45:14 +0530] GET /js/build/pdf.worker.js HTTP/1.1 200 1863894
0:0:0:0:0:0:0:1 - - [19/Oct/2021:17:45:15 +0530] GET /console/mobiledocumentviewer?documentid=69&revisionid=1.0 HTTP/1.1 200 -
0:0:0:0:0:0:0:1 - - [19/Oct/2021:17:45:19 +0530] GET /console/opendocumentclass?classid=1 HTTP/1.1 200 16206
0:0:0:0:0:0:0:1 - - [19/Oct/2021:17:45:19 +0530] GET /images/favicon.ico HTTP/1.1 200 1150
0:0:0:0:0:0:0:1 - - [19/Oct/2021:17:46:24 +0530] GET /console/viewdocument?documentid=69&revisionid=1.0 HTTP/1.1 302 -
0:0:0:0:0:0:0:1 - - [19/Oct/2021:17:46:24 +0530] GET / HTTP/1.1 200 5724
0:0:0:0:0:0:0:1 - - [19/Oct/2021:17:46:26 +0530] POST /login HTTP/1.1 302 -
0:0:0:0:0:0:0:1 - - [19/Oct/2021:17:46:26 +0530] GET /console HTTP/1.1 200 10866
0:0:0:0:0:0:0:1 - - [19/Oct/2021:17:46:27 +0530] GET /console/profilepicture?size=medium&username=ADMINISTRATOR HTTP/1.1 200 1872
0:0:0:0:0:0:0:1 - - [19/Oct/2021:17:46:27 +0530] GET /console/opendocumentclass?classid=1 HTTP/1.1 200 16206
0:0:0:0:0:0:0:1 - - [19/Oct/2021:17:46:29 +0530] GET /console/viewdocument?documentid=69&revisionid=1.0 HTTP/1.1 200 17749
0:0:0:0:0:0:0:1 - - [19/Oct/2021:17:47:22 +0530] GET /console/viewdocument?documentid=69&revisionid=1.0 HTTP/1.1 302 -
0:0:0:0:0:0:0:1 - - [19/Oct/2021:17:47:22 +0530] GET / HTTP/1.1 200 5724
0:0:0:0:0:0:0:1 - - [19/Oct/2021:17:47:22 +0530] GET /css/bootstrap.css HTTP/1.1 200 213049
0:0:0:0:0:0:0:1 - - [19/Oct/2021:17:47:22 +0530] GET /css/sticky-footer-navbar.css HTTP/1.1 200 938
0:0:0:0:0:0:0:1 - - [19/Oct/2021:17:47:22 +0530] GET /css/bootstrap-dialog.css HTTP/1.1 200 2554
0:0:0:0:0:0:0:1 - - [19/Oct/2021:17:47:22 +0530] GET /css/datepicker.css HTTP/1.1 200 33702
0:0:0:0:0:0:0:1 - - [19/Oct/2021:17:47:22 +0530] GET /css/colorbox.css HTTP/1.1 200 4385
0:0:0:0:0:0:0:1 - - [19/Oct/2021:17:47:22 +0530] GET /css/krystal.css HTTP/1.1 200 7691
0:0:0:0:0:0:0:1 - - [19/Oct/2021:17:47:22 +0530] GET /css/bootstrap-icons.css HTTP/1.1 200 65631
0:0:0:0:0:0:0:1 - - [19/Oct/2021:17:47:22 +0530] GET /css/morris.css HTTP/1.1 200 443
0:0:0:0:0:0:0:1 - - [19/Oct/2021:17:47:22 +0530] GET /js/jquery.js HTTP/1.1 200 93435
0:0:0:0:0:0:0:1 - - [19/Oct/2021:17:47:22 +0530] GET /js/jquery.validate.min.js HTTP/1.1 200 21071
0:0:0:0:0:0:0:1 - - [19/Oct/2021:17:47:22 +0530] GET /js/additional-methods.min.js HTTP/1.1 200 13821
0:0:0:0:0:0:0:1 - - [19/Oct/2021:17:47:22 +0530] GET /js/bootstrap-dialog.js HTTP/1.1 200 21189
0:0:0:0:0:0:0:1 - - [19/Oct/2021:17:47:22 +0530] GET /js/odometer.min.js HTTP/1.1 200 9896
0:0:0:0:0:0:0:1 - - [19/Oct/2021:17:47:22 +0530] GET /js/bootstrap.bundle.js HTTP/1.1 200 208002
0:0:0:0:0:0:0:1 - - [19/Oct/2021:17:47:22 +0530] GET /js/bootstrap-datepicker.js HTTP/1.1 200 46820
0:0:0:0:0:0:0:1 - - [19/Oct/2021:17:47:22 +0530] GET /js/typeahead.min.js HTTP/1.1 200 21804
0:0:0:0:0:0:0:1 - - [19/Oct/2021:17:47:22 +0530] GET /js/jquery.highlight.js HTTP/1.1 200 4089
0:0:0:0:0:0:0:1 - - [19/Oct/2021:17:47:22 +0530] GET /js/jquery.colorbox-min.js HTTP/1.1 200 11095
0:0:0:0:0:0:0:1 - - [19/Oct/2021:17:47:22 +0530] GET /js/raphael-min.js HTTP/1.1 200 90647
0:0:0:0:0:0:0:1 - - [19/Oct/2021:17:47:22 +0530] GET /js/morris.js HTTP/1.1 200 60604
0:0:0:0:0:0:0:1 - - [19/Oct/2021:17:47:22 +0530] GET /js/scripts.js HTTP/1.1 200 18614
0:0:0:0:0:0:0:1 - - [19/Oct/2021:17:47:23 +0530] GET /images/krystal.png HTTP/1.1 200 7835
0:0:0:0:0:0:0:1 - - [19/Oct/2021:17:47:23 +0530] GET /fonts/bootstrap-icons.woff2 HTTP/1.1 200 90528
0:0:0:0:0:0:0:1 - - [19/Oct/2021:17:47:24 +0530] POST /login HTTP/1.1 302 -
0:0:0:0:0:0:0:1 - - [19/Oct/2021:17:47:24 +0530] GET /console HTTP/1.1 200 10877
0:0:0:0:0:0:0:1 - - [19/Oct/2021:17:47:25 +0530] GET /console/profilepicture?size=medium&username=ADMINISTRATOR HTTP/1.1 200 1872
0:0:0:0:0:0:0:1 - - [19/Oct/2021:17:47:25 +0530] GET /console/opendocumentclass?classid=1 HTTP/1.1 200 16206
0:0:0:0:0:0:0:1 - - [19/Oct/2021:17:47:28 +0530] GET /console/viewdocument?documentid=69&revisionid=1.0 HTTP/1.1 200 17751
0:0:0:0:0:0:0:1 - - [19/Oct/2021:17:47:30 +0530] GET /console/mobiledocumentviewer?documentid=69&revisionid=1.0 HTTP/1.1 200 46989
0:0:0:0:0:0:0:1 - - [19/Oct/2021:17:47:54 +0530] GET /console/documentnotes?documentid=69&revisionid=1.0 HTTP/1.1 200 190
0:0:0:0:0:0:0:1 - - [19/Oct/2021:17:47:55 +0530] GET /console/opendocumentclass?classid=1 HTTP/1.1 200 16206
0:0:0:0:0:0:0:1 - - [19/Oct/2021:17:47:57 +0530] GET /console/viewdocument?view=quick&documentid=68&revisionid=1.0 HTTP/1.1 200 12246
0:0:0:0:0:0:0:1 - - [19/Oct/2021:17:47:58 +0530] GET /console/mobiledocumentviewer?documentid=68&revisionid=1.0 HTTP/1.1 200 933
0:0:0:0:0:0:0:1 - - [19/Oct/2021:17:48:00 +0530] GET /console/opendocumentclass?classid=1 HTTP/1.1 200 16206
0:0:0:0:0:0:0:1 - - [19/Oct/2021:17:48:00 +0530] GET /images/favicon.ico HTTP/1.1 200 1150
0:0:0:0:0:0:0:1 - - [19/Oct/2021:17:49:25 +0530] GET /console/opendocumentclass?classid=1 HTTP/1.1 302 -
0:0:0:0:0:0:0:1 - - [19/Oct/2021:17:49:26 +0530] GET /console/opendocumentclass?classid=1 HTTP/1.1 302 -
0:0:0:0:0:0:0:1 - - [19/Oct/2021:17:49:26 +0530] GET / HTTP/1.1 200 5724
0:0:0:0:0:0:0:1 - - [19/Oct/2021:17:49:28 +0530] POST /login HTTP/1.1 302 -
0:0:0:0:0:0:0:1 - - [19/Oct/2021:17:49:28 +0530] GET /console HTTP/1.1 200 10887
0:0:0:0:0:0:0:1 - - [19/Oct/2021:17:49:29 +0530] GET /console/profilepicture?size=medium&username=ADMINISTRATOR HTTP/1.1 200 1872
0:0:0:0:0:0:0:1 - - [19/Oct/2021:17:49:30 +0530] GET /console/opendocumentclass?classid=1 HTTP/1.1 200 16205
0:0:0:0:0:0:0:1 - - [19/Oct/2021:17:49:34 +0530] GET /console/viewdocument?documentid=69&revisionid=1.0 HTTP/1.1 200 17751
0:0:0:0:0:0:0:1 - - [19/Oct/2021:17:49:37 +0530] GET /console/mobiledocumentviewer?documentid=69&revisionid=1.0 HTTP/1.1 200 46989
0:0:0:0:0:0:0:1 - - [19/Oct/2021:17:49:44 +0530] GET /console/opendocumentclass?classid=1 HTTP/1.1 200 16206
0:0:0:0:0:0:0:1 - - [19/Oct/2021:17:49:46 +0530] GET /console/viewdocument?view=quick&documentid=68&revisionid=1.0 HTTP/1.1 200 12246
0:0:0:0:0:0:0:1 - - [19/Oct/2021:17:49:47 +0530] GET /console/mobiledocumentviewer?documentid=68&revisionid=1.0 HTTP/1.1 200 933
0:0:0:0:0:0:0:1 - - [19/Oct/2021:17:49:48 +0530] GET /console/viewdocument?view=quick&documentid=67&revisionid=1.0 HTTP/1.1 200 12239
0:0:0:0:0:0:0:1 - - [19/Oct/2021:17:49:48 +0530] GET /js/ViewerJS/?file=/console/mobiledocumentviewer%3Fdocumentid%3D67%26revisionid%3D1.0 HTTP/1.1 304 -
0:0:0:0:0:0:0:1 - - [19/Oct/2021:17:49:49 +0530] GET /console/mobiledocumentviewer?documentid=67&revisionid=1.0 HTTP/1.1 200 81651
0:0:0:0:0:0:0:1 - - [19/Oct/2021:17:49:50 +0530] GET /console/viewdocument?view=quick&documentid=57&revisionid=1.0 HTTP/1.1 200 12240
0:0:0:0:0:0:0:1 - - [19/Oct/2021:17:49:50 +0530] GET /console/mobiledocumentviewer?documentid=57&revisionid=1.0 HTTP/1.1 200 91414
0:0:0:0:0:0:0:1 - - [19/Oct/2021:17:49:51 +0530] GET /console/viewdocument?view=quick&documentid=56&revisionid=1.0 HTTP/1.1 200 12227
0:0:0:0:0:0:0:1 - - [19/Oct/2021:17:49:51 +0530] GET /js/ViewerJS/?file=/console/mobiledocumentviewer%3Fdocumentid%3D56%26revisionid%3D1.0 HTTP/1.1 200 19920
0:0:0:0:0:0:0:1 - - [19/Oct/2021:17:49:52 +0530] GET /console/mobiledocumentviewer?documentid=56&revisionid=1.0 HTTP/1.1 200 1131930
0:0:0:0:0:0:0:1 - - [19/Oct/2021:17:49:52 +0530] GET /console/viewdocument?view=quick&documentid=57&revisionid=1.0 HTTP/1.1 200 12240
0:0:0:0:0:0:0:1 - - [19/Oct/2021:17:49:53 +0530] GET /console/mobiledocumentviewer?documentid=57&revisionid=1.0 HTTP/1.1 200 91414
0:0:0:0:0:0:0:1 - - [19/Oct/2021:17:49:54 +0530] GET /console/viewdocument?view=quick&documentid=67&revisionid=1.0 HTTP/1.1 200 12239
0:0:0:0:0:0:0:1 - - [19/Oct/2021:17:49:54 +0530] GET /console/mobiledocumentviewer?documentid=67&revisionid=1.0 HTTP/1.1 200 81651
0:0:0:0:0:0:0:1 - - [19/Oct/2021:17:49:55 +0530] GET /console/viewdocument?view=quick&documentid=68&revisionid=1.0 HTTP/1.1 200 12246
0:0:0:0:0:0:0:1 - - [19/Oct/2021:17:49:56 +0530] GET /console/mobiledocumentviewer?documentid=68&revisionid=1.0 HTTP/1.1 200 933
0:0:0:0:0:0:0:1 - - [19/Oct/2021:17:49:56 +0530] GET /console/viewdocument?view=quick&documentid=69&revisionid=1.0 HTTP/1.1 200 12249
0:0:0:0:0:0:0:1 - - [19/Oct/2021:17:49:58 +0530] GET /console/mobiledocumentviewer?documentid=69&revisionid=1.0 HTTP/1.1 200 46989
0:0:0:0:0:0:0:1 - - [19/Oct/2021:17:50:00 +0530] GET /console/opendocumentclass?classid=1 HTTP/1.1 200 16206
0:0:0:0:0:0:0:1 - - [19/Oct/2021:17:50:01 +0530] GET /images/favicon.ico HTTP/1.1 200 1150
0:0:0:0:0:0:0:1 - - [19/Oct/2021:17:50:11 +0530] GET /console/viewdocument?view=quick&documentid=69&revisionid=1.0 HTTP/1.1 200 12248
0:0:0:0:0:0:0:1 - - [19/Oct/2021:17:50:12 +0530] GET /console/mobiledocumentviewer?documentid=69&revisionid=1.0 HTTP/1.1 200 46989
0:0:0:0:0:0:0:1 - - [19/Oct/2021:17:50:18 +0530] GET /console/opendocumentclass?classid=1 HTTP/1.1 200 16206
0:0:0:0:0:0:0:1 - - [19/Oct/2021:17:50:19 +0530] GET /images/favicon.ico HTTP/1.1 200 1150
0:0:0:0:0:0:0:1 - - [19/Oct/2021:18:13:28 +0530] GET /console/opendocumentclass?classid=1 HTTP/1.1 302 -
0:0:0:0:0:0:0:1 - - [19/Oct/2021:18:13:28 +0530] GET / HTTP/1.1 200 5724
0:0:0:0:0:0:0:1 - - [19/Oct/2021:18:13:29 +0530] POST /login HTTP/1.1 302 -
0:0:0:0:0:0:0:1 - - [19/Oct/2021:18:13:30 +0530] GET /console HTTP/1.1 200 10953
0:0:0:0:0:0:0:1 - - [19/Oct/2021:18:13:31 +0530] GET /console/profilepicture?size=medium&username=ADMINISTRATOR HTTP/1.1 200 1872
0:0:0:0:0:0:0:1 - - [19/Oct/2021:18:13:31 +0530] GET /console/opendocumentclass?classid=1 HTTP/1.1 200 16206
0:0:0:0:0:0:0:1 - - [19/Oct/2021:18:13:36 +0530] GET /console/viewdocument?view=quick&documentid=57&revisionid=1.0 HTTP/1.1 200 12240
0:0:0:0:0:0:0:1 - - [19/Oct/2021:18:13:36 +0530] GET /console/mobiledocumentviewer?documentid=57&revisionid=1.0 HTTP/1.1 200 157461
0:0:0:0:0:0:0:1 - - [19/Oct/2021:18:13:40 +0530] GET /console/opendocumentclass?classid=1 HTTP/1.1 200 16206
0:0:0:0:0:0:0:1 - - [19/Oct/2021:18:13:41 +0530] GET /images/favicon.ico HTTP/1.1 200 1150
0:0:0:0:0:0:0:1 - - [19/Oct/2021:22:02:39 +0530] GET / HTTP/1.1 200 5724
0:0:0:0:0:0:0:1 - - [19/Oct/2021:22:02:39 +0530] GET /css/bootstrap.css HTTP/1.1 304 -
0:0:0:0:0:0:0:1 - - [19/Oct/2021:22:02:39 +0530] GET /css/sticky-footer-navbar.css HTTP/1.1 304 -
0:0:0:0:0:0:0:1 - - [19/Oct/2021:22:02:39 +0530] GET /css/krystal.css HTTP/1.1 304 -
0:0:0:0:0:0:0:1 - - [19/Oct/2021:22:02:42 +0530] GET /js/bootstrap.bundle.js.map HTTP/1.1 404 -
0:0:0:0:0:0:0:1 - - [19/Oct/2021:22:02:45 +0530] POST /login HTTP/1.1 302 -
0:0:0:0:0:0:0:1 - - [19/Oct/2021:22:02:45 +0530] GET /console HTTP/1.1 200 10915
0:0:0:0:0:0:0:1 - - [19/Oct/2021:22:02:45 +0530] GET /css/bootstrap.css HTTP/1.1 200 213049
0:0:0:0:0:0:0:1 - - [19/Oct/2021:22:02:45 +0530] GET /css/datepicker.css HTTP/1.1 200 33702
0:0:0:0:0:0:0:1 - - [19/Oct/2021:22:02:45 +0530] GET /css/colorbox.css HTTP/1.1 200 4385
0:0:0:0:0:0:0:1 - - [19/Oct/2021:22:02:45 +0530] GET /css/bootstrap-dialog.css HTTP/1.1 200 2554
0:0:0:0:0:0:0:1 - - [19/Oct/2021:22:02:45 +0530] GET /css/morris.css HTTP/1.1 200 443
0:0:0:0:0:0:0:1 - - [19/Oct/2021:22:02:45 +0530] GET /css/krystal.css HTTP/1.1 200 7691
0:0:0:0:0:0:0:1 - - [19/Oct/2021:22:02:45 +0530] GET /css/sticky-footer-navbar.css HTTP/1.1 200 938
0:0:0:0:0:0:0:1 - - [19/Oct/2021:22:02:45 +0530] GET /css/bootstrap-icons.css HTTP/1.1 200 65631
0:0:0:0:0:0:0:1 - - [19/Oct/2021:22:02:45 +0530] GET /js/jquery.js HTTP/1.1 200 89503
0:0:0:0:0:0:0:1 - - [19/Oct/2021:22:02:45 +0530] GET /js/jquery.validate.min.js HTTP/1.1 200 21071
0:0:0:0:0:0:0:1 - - [19/Oct/2021:22:02:45 +0530] GET /js/additional-methods.min.js HTTP/1.1 200 13821
0:0:0:0:0:0:0:1 - - [19/Oct/2021:22:02:45 +0530] GET /js/odometer.min.js HTTP/1.1 200 9896
0:0:0:0:0:0:0:1 - - [19/Oct/2021:22:02:45 +0530] GET /js/bootstrap-dialog.js HTTP/1.1 200 21189
0:0:0:0:0:0:0:1 - - [19/Oct/2021:22:02:45 +0530] GET /js/bootstrap.bundle.js HTTP/1.1 200 208002
0:0:0:0:0:0:0:1 - - [19/Oct/2021:22:02:45 +0530] GET /js/bootstrap-datepicker.js HTTP/1.1 200 46820
0:0:0:0:0:0:0:1 - - [19/Oct/2021:22:02:45 +0530] GET /js/typeahead.min.js HTTP/1.1 200 21804
0:0:0:0:0:0:0:1 - - [19/Oct/2021:22:02:45 +0530] GET /js/jquery.highlight.js HTTP/1.1 200 4089
0:0:0:0:0:0:0:1 - - [19/Oct/2021:22:02:45 +0530] GET /js/jquery.colorbox-min.js HTTP/1.1 200 11095
0:0:0:0:0:0:0:1 - - [19/Oct/2021:22:02:45 +0530] GET /js/morris.js HTTP/1.1 200 60604
0:0:0:0:0:0:0:1 - - [19/Oct/2021:22:02:45 +0530] GET /js/raphael-min.js HTTP/1.1 200 90647
0:0:0:0:0:0:0:1 - - [19/Oct/2021:22:02:45 +0530] GET /js/scripts.js HTTP/1.1 200 18614
0:0:0:0:0:0:0:1 - - [19/Oct/2021:22:02:46 +0530] GET /images/krystal.png HTTP/1.1 200 7835
0:0:0:0:0:0:0:1 - - [19/Oct/2021:22:02:46 +0530] GET /js/bootstrap.bundle.js.map HTTP/1.1 404 -
0:0:0:0:0:0:0:1 - - [19/Oct/2021:22:02:46 +0530] GET /fonts/bootstrap-icons.woff2 HTTP/1.1 200 90528
0:0:0:0:0:0:0:1 - - [19/Oct/2021:22:02:46 +0530] GET /console/profilepicture?size=medium&username=ADMINISTRATOR HTTP/1.1 200 1872
0:0:0:0:0:0:0:1 - - [19/Oct/2021:22:02:51 +0530] GET /console/opendocumentclass?classid=1 HTTP/1.1 200 16205
0:0:0:0:0:0:0:1 - - [19/Oct/2021:22:02:51 +0530] GET /css/bootstrap.css HTTP/1.1 200 213049
0:0:0:0:0:0:0:1 - - [19/Oct/2021:22:02:51 +0530] GET /css/colorbox.css HTTP/1.1 200 4385
0:0:0:0:0:0:0:1 - - [19/Oct/2021:22:02:51 +0530] GET /css/sticky-footer-navbar.css HTTP/1.1 200 938
0:0:0:0:0:0:0:1 - - [19/Oct/2021:22:02:51 +0530] GET /css/datepicker.css HTTP/1.1 200 33702
0:0:0:0:0:0:0:1 - - [19/Oct/2021:22:02:51 +0530] GET /css/morris.css HTTP/1.1 200 443
0:0:0:0:0:0:0:1 - - [19/Oct/2021:22:02:51 +0530] GET /css/bootstrap-dialog.css HTTP/1.1 200 2554
0:0:0:0:0:0:0:1 - - [19/Oct/2021:22:02:51 +0530] GET /css/krystal.css HTTP/1.1 200 7691
0:0:0:0:0:0:0:1 - - [19/Oct/2021:22:02:51 +0530] GET /css/bootstrap-icons.css HTTP/1.1 200 65631
0:0:0:0:0:0:0:1 - - [19/Oct/2021:22:02:51 +0530] GET /js/jquery.js HTTP/1.1 200 89503
0:0:0:0:0:0:0:1 - - [19/Oct/2021:22:02:51 +0530] GET /js/jquery.validate.min.js HTTP/1.1 200 21071
0:0:0:0:0:0:0:1 - - [19/Oct/2021:22:02:51 +0530] GET /js/additional-methods.min.js HTTP/1.1 200 13821
0:0:0:0:0:0:0:1 - - [19/Oct/2021:22:02:51 +0530] GET /js/odometer.min.js HTTP/1.1 200 9896
0:0:0:0:0:0:0:1 - - [19/Oct/2021:22:02:51 +0530] GET /js/bootstrap-dialog.js HTTP/1.1 200 21189
0:0:0:0:0:0:0:1 - - [19/Oct/2021:22:02:51 +0530] GET /js/bootstrap.bundle.js HTTP/1.1 200 208002
0:0:0:0:0:0:0:1 - - [19/Oct/2021:22:02:51 +0530] GET /js/typeahead.min.js HTTP/1.1 200 21804
0:0:0:0:0:0:0:1 - - [19/Oct/2021:22:02:51 +0530] GET /js/bootstrap-datepicker.js HTTP/1.1 200 46820
0:0:0:0:0:0:0:1 - - [19/Oct/2021:22:02:51 +0530] GET /js/morris.js HTTP/1.1 200 60604
0:0:0:0:0:0:0:1 - - [19/Oct/2021:22:02:51 +0530] GET /js/jquery.highlight.js HTTP/1.1 200 4089
0:0:0:0:0:0:0:1 - - [19/Oct/2021:22:02:51 +0530] GET /js/jquery.colorbox-min.js HTTP/1.1 200 11095
0:0:0:0:0:0:0:1 - - [19/Oct/2021:22:02:51 +0530] GET /js/raphael-min.js HTTP/1.1 200 90647
0:0:0:0:0:0:0:1 - - [19/Oct/2021:22:02:51 +0530] GET /js/scripts.js HTTP/1.1 200 18614
0:0:0:0:0:0:0:1 - - [19/Oct/2021:22:02:52 +0530] GET /images/krystal.png HTTP/1.1 200 7835
0:0:0:0:0:0:0:1 - - [19/Oct/2021:22:02:52 +0530] GET /js/bootstrap.bundle.js.map HTTP/1.1 404 -
0:0:0:0:0:0:0:1 - - [19/Oct/2021:22:02:52 +0530] GET /images/JPG.gif HTTP/1.1 200 942
0:0:0:0:0:0:0:1 - - [19/Oct/2021:22:02:52 +0530] GET /images/FILE.gif HTTP/1.1 200 1064
0:0:0:0:0:0:0:1 - - [19/Oct/2021:22:02:52 +0530] GET /images/TIFF.gif HTTP/1.1 200 130
0:0:0:0:0:0:0:1 - - [19/Oct/2021:22:02:52 +0530] GET /images/DOCX.gif HTTP/1.1 200 432
0:0:0:0:0:0:0:1 - - [19/Oct/2021:22:02:52 +0530] GET /images/PDF.gif HTTP/1.1 200 624
0:0:0:0:0:0:0:1 - - [19/Oct/2021:22:02:52 +0530] GET /images/TXT.gif HTTP/1.1 200 897
0:0:0:0:0:0:0:1 - - [19/Oct/2021:22:02:52 +0530] GET /images/PNG.gif HTTP/1.1 200 918
0:0:0:0:0:0:0:1 - - [19/Oct/2021:22:02:52 +0530] GET /fonts/bootstrap-icons.woff2 HTTP/1.1 200 90528
0:0:0:0:0:0:0:1 - - [19/Oct/2021:22:03:01 +0530] GET /console/viewdocument?documentid=69&revisionid=1.0 HTTP/1.1 200 17748
0:0:0:0:0:0:0:1 - - [19/Oct/2021:22:03:01 +0530] GET /css/bootstrap.css HTTP/1.1 200 213049
0:0:0:0:0:0:0:1 - - [19/Oct/2021:22:03:01 +0530] GET /css/bootstrap-dialog.css HTTP/1.1 200 2554
0:0:0:0:0:0:0:1 - - [19/Oct/2021:22:03:01 +0530] GET /css/datepicker.css HTTP/1.1 200 33702
0:0:0:0:0:0:0:1 - - [19/Oct/2021:22:03:01 +0530] GET /css/sticky-footer-navbar.css HTTP/1.1 200 938
0:0:0:0:0:0:0:1 - - [19/Oct/2021:22:03:01 +0530] GET /css/colorbox.css HTTP/1.1 200 4385
0:0:0:0:0:0:0:1 - - [19/Oct/2021:22:03:01 +0530] GET /css/morris.css HTTP/1.1 200 443
0:0:0:0:0:0:0:1 - - [19/Oct/2021:22:03:01 +0530] GET /css/bootstrap-icons.css HTTP/1.1 200 65631
0:0:0:0:0:0:0:1 - - [19/Oct/2021:22:03:01 +0530] GET /css/krystal.css HTTP/1.1 200 7691
0:0:0:0:0:0:0:1 - - [19/Oct/2021:22:03:01 +0530] GET /js/jquery.js HTTP/1.1 200 89503
0:0:0:0:0:0:0:1 - - [19/Oct/2021:22:03:01 +0530] GET /js/odometer.min.js HTTP/1.1 200 9896
0:0:0:0:0:0:0:1 - - [19/Oct/2021:22:03:01 +0530] GET /js/additional-methods.min.js HTTP/1.1 200 13821
0:0:0:0:0:0:0:1 - - [19/Oct/2021:22:03:01 +0530] GET /js/jquery.validate.min.js HTTP/1.1 200 21071
0:0:0:0:0:0:0:1 - - [19/Oct/2021:22:03:01 +0530] GET /js/bootstrap-dialog.js HTTP/1.1 200 21189
0:0:0:0:0:0:0:1 - - [19/Oct/2021:22:03:01 +0530] GET /js/bootstrap-datepicker.js HTTP/1.1 200 46820
0:0:0:0:0:0:0:1 - - [19/Oct/2021:22:03:01 +0530] GET /js/bootstrap.bundle.js HTTP/1.1 200 208002
0:0:0:0:0:0:0:1 - - [19/Oct/2021:22:03:01 +0530] GET /js/jquery.colorbox-min.js HTTP/1.1 200 11095
0:0:0:0:0:0:0:1 - - [19/Oct/2021:22:03:01 +0530] GET /js/jquery.highlight.js HTTP/1.1 200 4089
0:0:0:0:0:0:0:1 - - [19/Oct/2021:22:03:01 +0530] GET /js/typeahead.min.js HTTP/1.1 200 21804
0:0:0:0:0:0:0:1 - - [19/Oct/2021:22:03:01 +0530] GET /js/morris.js HTTP/1.1 200 60604
0:0:0:0:0:0:0:1 - - [19/Oct/2021:22:03:01 +0530] GET /js/raphael-min.js HTTP/1.1 200 90647
0:0:0:0:0:0:0:1 - - [19/Oct/2021:22:03:01 +0530] GET /js/scripts.js HTTP/1.1 200 18614
0:0:0:0:0:0:0:1 - - [19/Oct/2021:22:03:01 +0530] GET /images/krystal.png HTTP/1.1 200 7835
0:0:0:0:0:0:0:1 - - [19/Oct/2021:22:03:01 +0530] GET /images/FILE.gif HTTP/1.1 200 1064
0:0:0:0:0:0:0:1 - - [19/Oct/2021:22:03:02 +0530] GET /js/bootstrap.bundle.js.map HTTP/1.1 404 -
0:0:0:0:0:0:0:1 - - [19/Oct/2021:22:03:02 +0530] GET /js/ViewerJS/?file=/console/mobiledocumentviewer%3Fdocumentid%3D69%26revisionid%3D1.0 HTTP/1.1 200 19920
0:0:0:0:0:0:0:1 - - [19/Oct/2021:22:03:02 +0530] GET /fonts/bootstrap-icons.woff2 HTTP/1.1 200 90528
0:0:0:0:0:0:0:1 - - [19/Oct/2021:22:03:02 +0530] GET /js/ViewerJS/viewer.css HTTP/1.1 200 61770
0:0:0:0:0:0:0:1 - - [19/Oct/2021:22:03:02 +0530] GET /js/build/pdf.js HTTP/1.1 200 395163
0:0:0:0:0:0:0:1 - - [19/Oct/2021:22:03:02 +0530] GET /js/ViewerJS/viewer.js HTTP/1.1 200 394480
0:0:0:0:0:0:0:1 - - [19/Oct/2021:22:03:02 +0530] GET /js/build/pdf.js.map HTTP/1.1 200 807642
0:0:0:0:0:0:0:1 - - [19/Oct/2021:22:03:02 +0530] GET /js/ViewerJS/locale/locale.properties HTTP/1.1 200 4440
0:0:0:0:0:0:0:1 - - [19/Oct/2021:22:03:03 +0530] GET /js/ViewerJS/images/toolbarButton-viewThumbnail.svg HTTP/1.1 200 635
0:0:0:0:0:0:0:1 - - [19/Oct/2021:22:03:03 +0530] GET /js/ViewerJS/images/toolbarButton-sidebarToggle.svg HTTP/1.1 200 647
0:0:0:0:0:0:0:1 - - [19/Oct/2021:22:03:03 +0530] GET /js/ViewerJS/viewer.js.map HTTP/1.1 200 833458
0:0:0:0:0:0:0:1 - - [19/Oct/2021:22:03:03 +0530] GET /js/ViewerJS/images/toolbarButton-search.svg HTTP/1.1 200 445
0:0:0:0:0:0:0:1 - - [19/Oct/2021:22:03:03 +0530] GET /js/ViewerJS/locale/en-US/viewer.properties HTTP/1.1 200 11005
0:0:0:0:0:0:0:1 - - [19/Oct/2021:22:03:03 +0530] GET /js/ViewerJS/images/toolbarButton-pageUp.svg HTTP/1.1 200 490
0:0:0:0:0:0:0:1 - - [19/Oct/2021:22:03:03 +0530] GET /js/ViewerJS/images/toolbarButton-presentationMode.svg HTTP/1.1 200 390
0:0:0:0:0:0:0:1 - - [19/Oct/2021:22:03:03 +0530] GET /js/ViewerJS/images/toolbarButton-pageDown.svg HTTP/1.1 200 490
0:0:0:0:0:0:0:1 - - [19/Oct/2021:22:03:03 +0530] GET /js/ViewerJS/images/toolbarButton-print.svg HTTP/1.1 200 583
0:0:0:0:0:0:0:1 - - [19/Oct/2021:22:03:03 +0530] GET /js/ViewerJS/images/toolbarButton-menuArrow.svg HTTP/1.1 200 224
0:0:0:0:0:0:0:1 - - [19/Oct/2021:22:03:03 +0530] GET /js/ViewerJS/images/toolbarButton-zoomOut.svg HTTP/1.1 200 355
0:0:0:0:0:0:0:1 - - [19/Oct/2021:22:03:03 +0530] GET /js/ViewerJS/images/toolbarButton-zoomIn.svg HTTP/1.1 200 397
0:0:0:0:0:0:0:1 - - [19/Oct/2021:22:03:03 +0530] GET /js/ViewerJS/images/toolbarButton-secondaryToolbarToggle.svg HTTP/1.1 200 522
0:0:0:0:0:0:0:1 - - [19/Oct/2021:22:03:03 +0530] GET /js/build/pdf.worker.js HTTP/1.1 200 1863894
0:0:0:0:0:0:0:1 - - [19/Oct/2021:22:03:03 +0530] GET /js/build/pdf.worker.js.map HTTP/1.1 200 3633076
0:0:0:0:0:0:0:1 - - [19/Oct/2021:22:03:05 +0530] GET /console/mobiledocumentviewer?documentid=69&revisionid=1.0 HTTP/1.1 200 46989
0:0:0:0:0:0:0:1 - - [19/Oct/2021:22:03:05 +0530] GET /js/ViewerJS/images/shadow.png HTTP/1.1 200 269
0:0:0:0:0:0:0:1 - - [19/Oct/2021:22:03:05 +0530] GET /js/ViewerJS/images/loading-icon.gif HTTP/1.1 200 2545
0:0:0:0:0:0:0:1 - - [19/Oct/2021:22:03:05 +0530] GET /js/ViewerJS/images/toolbarButton-viewThumbnail.svg HTTP/1.1 200 635
0:0:0:0:0:0:0:1 - - [19/Oct/2021:22:03:05 +0530] GET /js/ViewerJS/images/toolbarButton-sidebarToggle.svg HTTP/1.1 200 647
0:0:0:0:0:0:0:1 - - [19/Oct/2021:22:03:05 +0530] GET /js/ViewerJS/images/toolbarButton-search.svg HTTP/1.1 200 445
0:0:0:0:0:0:0:1 - - [19/Oct/2021:22:03:05 +0530] GET /js/ViewerJS/images/toolbarButton-pageUp.svg HTTP/1.1 200 490
0:0:0:0:0:0:0:1 - - [19/Oct/2021:22:03:05 +0530] GET /js/ViewerJS/images/toolbarButton-pageDown.svg HTTP/1.1 200 490
0:0:0:0:0:0:0:1 - - [19/Oct/2021:22:03:05 +0530] GET /js/ViewerJS/images/toolbarButton-presentationMode.svg HTTP/1.1 200 390
0:0:0:0:0:0:0:1 - - [19/Oct/2021:22:03:05 +0530] GET /js/ViewerJS/images/toolbarButton-secondaryToolbarToggle.svg HTTP/1.1 200 522
0:0:0:0:0:0:0:1 - - [19/Oct/2021:22:03:05 +0530] GET /js/ViewerJS/images/toolbarButton-print.svg HTTP/1.1 200 583
0:0:0:0:0:0:0:1 - - [19/Oct/2021:22:03:05 +0530] GET /js/ViewerJS/images/toolbarButton-zoomOut.svg HTTP/1.1 200 355
0:0:0:0:0:0:0:1 - - [19/Oct/2021:22:03:05 +0530] GET /js/ViewerJS/images/toolbarButton-menuArrow.svg HTTP/1.1 200 224
0:0:0:0:0:0:0:1 - - [19/Oct/2021:22:03:05 +0530] GET /js/ViewerJS/images/toolbarButton-zoomIn.svg HTTP/1.1 200 397
0:0:0:0:0:0:0:1 - - [19/Oct/2021:22:04:03 +0530] GET /console/viewdocument?documentid=69&revisionid=1.0 HTTP/1.1 200 17748
0:0:0:0:0:0:0:1 - - [19/Oct/2021:22:04:03 +0530] GET /css/bootstrap.css HTTP/1.1 200 213049
0:0:0:0:0:0:0:1 - - [19/Oct/2021:22:04:03 +0530] GET /css/bootstrap-dialog.css HTTP/1.1 200 2554
0:0:0:0:0:0:0:1 - - [19/Oct/2021:22:04:03 +0530] GET /css/sticky-footer-navbar.css HTTP/1.1 200 938
0:0:0:0:0:0:0:1 - - [19/Oct/2021:22:04:03 +0530] GET /css/datepicker.css HTTP/1.1 200 33702
0:0:0:0:0:0:0:1 - - [19/Oct/2021:22:04:03 +0530] GET /css/colorbox.css HTTP/1.1 200 4385
0:0:0:0:0:0:0:1 - - [19/Oct/2021:22:04:03 +0530] GET /css/morris.css HTTP/1.1 200 443
0:0:0:0:0:0:0:1 - - [19/Oct/2021:22:04:03 +0530] GET /css/krystal.css HTTP/1.1 200 7368
0:0:0:0:0:0:0:1 - - [19/Oct/2021:22:04:03 +0530] GET /css/bootstrap-icons.css HTTP/1.1 200 65631
0:0:0:0:0:0:0:1 - - [19/Oct/2021:22:04:03 +0530] GET /js/jquery.js HTTP/1.1 200 89503
0:0:0:0:0:0:0:1 - - [19/Oct/2021:22:04:03 +0530] GET /js/odometer.min.js HTTP/1.1 200 9896
0:0:0:0:0:0:0:1 - - [19/Oct/2021:22:04:03 +0530] GET /js/additional-methods.min.js HTTP/1.1 200 13821
0:0:0:0:0:0:0:1 - - [19/Oct/2021:22:04:03 +0530] GET /js/jquery.validate.min.js HTTP/1.1 200 21071
0:0:0:0:0:0:0:1 - - [19/Oct/2021:22:04:03 +0530] GET /js/bootstrap-dialog.js HTTP/1.1 200 21189
0:0:0:0:0:0:0:1 - - [19/Oct/2021:22:04:03 +0530] GET /js/bootstrap-datepicker.js HTTP/1.1 200 46820
0:0:0:0:0:0:0:1 - - [19/Oct/2021:22:04:03 +0530] GET /js/morris.js HTTP/1.1 200 60604
0:0:0:0:0:0:0:1 - - [19/Oct/2021:22:04:03 +0530] GET /js/typeahead.min.js HTTP/1.1 200 21804
0:0:0:0:0:0:0:1 - - [19/Oct/2021:22:04:03 +0530] GET /js/bootstrap.bundle.js HTTP/1.1 200 208002
0:0:0:0:0:0:0:1 - - [19/Oct/2021:22:04:03 +0530] GET /js/raphael-min.js HTTP/1.1 200 90647
0:0:0:0:0:0:0:1 - - [19/Oct/2021:22:04:03 +0530] GET /js/jquery.colorbox-min.js HTTP/1.1 200 11095
0:0:0:0:0:0:0:1 - - [19/Oct/2021:22:04:03 +0530] GET /js/jquery.highlight.js HTTP/1.1 200 4089
0:0:0:0:0:0:0:1 - - [19/Oct/2021:22:04:03 +0530] GET /js/scripts.js HTTP/1.1 200 18614
0:0:0:0:0:0:0:1 - - [19/Oct/2021:22:04:03 +0530] GET /images/krystal.png HTTP/1.1 200 7835
0:0:0:0:0:0:0:1 - - [19/Oct/2021:22:04:03 +0530] GET /images/FILE.gif HTTP/1.1 200 1064
0:0:0:0:0:0:0:1 - - [19/Oct/2021:22:04:03 +0530] GET /js/bootstrap.bundle.js.map HTTP/1.1 404 -
0:0:0:0:0:0:0:1 - - [19/Oct/2021:22:04:03 +0530] GET /js/ViewerJS/?file=/console/mobiledocumentviewer%3Fdocumentid%3D69%26revisionid%3D1.0 HTTP/1.1 200 19920
0:0:0:0:0:0:0:1 - - [19/Oct/2021:22:04:03 +0530] GET /fonts/bootstrap-icons.woff2 HTTP/1.1 200 90528
0:0:0:0:0:0:0:1 - - [19/Oct/2021:22:04:04 +0530] GET /js/build/pdf.js HTTP/1.1 200 395163
0:0:0:0:0:0:0:1 - - [19/Oct/2021:22:04:04 +0530] GET /js/ViewerJS/viewer.css HTTP/1.1 200 61770
0:0:0:0:0:0:0:1 - - [19/Oct/2021:22:04:04 +0530] GET /js/ViewerJS/viewer.js HTTP/1.1 200 394480
0:0:0:0:0:0:0:1 - - [19/Oct/2021:22:04:04 +0530] GET /js/build/pdf.js.map HTTP/1.1 200 807642
0:0:0:0:0:0:0:1 - - [19/Oct/2021:22:04:04 +0530] GET /js/ViewerJS/locale/locale.properties HTTP/1.1 200 4440
0:0:0:0:0:0:0:1 - - [19/Oct/2021:22:04:04 +0530] GET /js/ViewerJS/images/toolbarButton-viewThumbnail.svg HTTP/1.1 200 635
0:0:0:0:0:0:0:1 - - [19/Oct/2021:22:04:04 +0530] GET /js/ViewerJS/images/toolbarButton-sidebarToggle.svg HTTP/1.1 200 647
0:0:0:0:0:0:0:1 - - [19/Oct/2021:22:04:04 +0530] GET /js/ViewerJS/images/toolbarButton-search.svg HTTP/1.1 200 445
0:0:0:0:0:0:0:1 - - [19/Oct/2021:22:04:04 +0530] GET /js/ViewerJS/images/toolbarButton-pageDown.svg HTTP/1.1 200 490
0:0:0:0:0:0:0:1 - - [19/Oct/2021:22:04:04 +0530] GET /js/ViewerJS/images/toolbarButton-presentationMode.svg HTTP/1.1 200 390
0:0:0:0:0:0:0:1 - - [19/Oct/2021:22:04:04 +0530] GET /js/ViewerJS/images/toolbarButton-pageUp.svg HTTP/1.1 200 490
0:0:0:0:0:0:0:1 - - [19/Oct/2021:22:04:04 +0530] GET /js/ViewerJS/images/toolbarButton-print.svg HTTP/1.1 200 583
0:0:0:0:0:0:0:1 - - [19/Oct/2021:22:04:04 +0530] GET /js/ViewerJS/images/toolbarButton-secondaryToolbarToggle.svg HTTP/1.1 200 522
0:0:0:0:0:0:0:1 - - [19/Oct/2021:22:04:04 +0530] GET /js/ViewerJS/images/toolbarButton-zoomOut.svg HTTP/1.1 200 355
0:0:0:0:0:0:0:1 - - [19/Oct/2021:22:04:04 +0530] GET /js/ViewerJS/images/toolbarButton-menuArrow.svg HTTP/1.1 200 224
0:0:0:0:0:0:0:1 - - [19/Oct/2021:22:04:04 +0530] GET /js/ViewerJS/images/toolbarButton-zoomIn.svg HTTP/1.1 200 397
0:0:0:0:0:0:0:1 - - [19/Oct/2021:22:04:04 +0530] GET /js/ViewerJS/viewer.js.map HTTP/1.1 200 833458
0:0:0:0:0:0:0:1 - - [19/Oct/2021:22:04:04 +0530] GET /js/ViewerJS/locale/en-US/viewer.properties HTTP/1.1 200 11005
0:0:0:0:0:0:0:1 - - [19/Oct/2021:22:04:04 +0530] GET /images/favicon.ico HTTP/1.1 200 1150
0:0:0:0:0:0:0:1 - - [19/Oct/2021:22:04:04 +0530] GET /js/build/pdf.worker.js HTTP/1.1 200 1863894
0:0:0:0:0:0:0:1 - - [19/Oct/2021:22:04:04 +0530] GET /js/build/pdf.worker.js.map HTTP/1.1 200 3633076
0:0:0:0:0:0:0:1 - - [19/Oct/2021:22:04:06 +0530] GET /console/mobiledocumentviewer?documentid=69&revisionid=1.0 HTTP/1.1 200 46989
0:0:0:0:0:0:0:1 - - [19/Oct/2021:22:04:06 +0530] GET /js/ViewerJS/images/loading-icon.gif HTTP/1.1 200 2545
0:0:0:0:0:0:0:1 - - [19/Oct/2021:22:04:06 +0530] GET /js/ViewerJS/images/shadow.png HTTP/1.1 200 269
0:0:0:0:0:0:0:1 - - [19/Oct/2021:22:04:06 +0530] GET /js/ViewerJS/images/toolbarButton-viewThumbnail.svg HTTP/1.1 200 635
0:0:0:0:0:0:0:1 - - [19/Oct/2021:22:04:06 +0530] GET /js/ViewerJS/images/toolbarButton-sidebarToggle.svg HTTP/1.1 200 647
0:0:0:0:0:0:0:1 - - [19/Oct/2021:22:04:06 +0530] GET /js/ViewerJS/images/toolbarButton-search.svg HTTP/1.1 200 445
0:0:0:0:0:0:0:1 - - [19/Oct/2021:22:04:06 +0530] GET /js/ViewerJS/images/toolbarButton-pageUp.svg HTTP/1.1 200 490
0:0:0:0:0:0:0:1 - - [19/Oct/2021:22:04:06 +0530] GET /js/ViewerJS/images/toolbarButton-pageDown.svg HTTP/1.1 200 490
0:0:0:0:0:0:0:1 - - [19/Oct/2021:22:04:06 +0530] GET /js/ViewerJS/images/toolbarButton-presentationMode.svg HTTP/1.1 200 390
0:0:0:0:0:0:0:1 - - [19/Oct/2021:22:04:06 +0530] GET /js/ViewerJS/images/toolbarButton-print.svg HTTP/1.1 200 583
0:0:0:0:0:0:0:1 - - [19/Oct/2021:22:04:06 +0530] GET /js/ViewerJS/images/toolbarButton-secondaryToolbarToggle.svg HTTP/1.1 200 522
0:0:0:0:0:0:0:1 - - [19/Oct/2021:22:04:06 +0530] GET /js/ViewerJS/images/toolbarButton-menuArrow.svg HTTP/1.1 200 224
0:0:0:0:0:0:0:1 - - [19/Oct/2021:22:04:06 +0530] GET /js/ViewerJS/images/toolbarButton-zoomIn.svg HTTP/1.1 200 397
0:0:0:0:0:0:0:1 - - [19/Oct/2021:22:04:06 +0530] GET /js/ViewerJS/images/toolbarButton-zoomOut.svg HTTP/1.1 200 355
0:0:0:0:0:0:0:1 - - [19/Oct/2021:22:04:19 +0530] GET /console/autocomplete?&term=5656&indexname=PONUM&classid=1 HTTP/1.1 200 12
0:0:0:0:0:0:0:1 - - [19/Oct/2021:22:04:22 +0530] GET /console/autocomplete?&term=Guju%20Bhai&indexname=CUSTNAME&classid=1 HTTP/1.1 200 12
0:0:0:0:0:0:0:1 - - [19/Oct/2021:22:04:25 +0530] GET /console/autocomplete?&term=6565&indexname=INVOICENUM&classid=1 HTTP/1.1 200 12
0:0:0:0:0:0:0:1 - - [19/Oct/2021:22:04:27 +0530] GET /console/autocomplete?&term=1000&indexname=AMOUNT&classid=1 HTTP/1.1 200 12
0:0:0:0:0:0:0:1 - - [19/Oct/2021:22:04:27 +0530] GET /console/autocomplete?&term=10002&indexname=AMOUNT&classid=1 HTTP/1.1 200 12
0:0:0:0:0:0:0:1 - - [19/Oct/2021:22:04:29 +0530] POST /console/editdocumentindexes HTTP/1.1 200 199
0:0:0:0:0:0:0:1 - - [19/Oct/2021:22:04:33 +0530] POST /console/newbookmark HTTP/1.1 200 203
0:0:0:0:0:0:0:1 - - [19/Oct/2021:22:04:39 +0530] GET /console/opendocumentclass?classid=1 HTTP/1.1 200 16237
0:0:0:0:0:0:0:1 - - [19/Oct/2021:22:04:39 +0530] GET /css/krystal.css HTTP/1.1 304 -
0:0:0:0:0:0:0:1 - - [19/Oct/2021:22:04:39 +0530] GET /js/jquery.js HTTP/1.1 304 -
0:0:0:0:0:0:0:1 - - [19/Oct/2021:22:04:44 +0530] GET /console/viewdocument?view=quick&documentid=69&revisionid=1.0 HTTP/1.1 200 12271
0:0:0:0:0:0:0:1 - - [19/Oct/2021:22:04:44 +0530] GET /css/krystal.css HTTP/1.1 304 -
0:0:0:0:0:0:0:1 - - [19/Oct/2021:22:04:45 +0530] GET /console/mobiledocumentviewer?documentid=69&revisionid=1.0 HTTP/1.1 200 46989
0:0:0:0:0:0:0:1 - - [19/Oct/2021:22:04:47 +0530] GET /console/opendocumentclass?classid=1 HTTP/1.1 200 16237
0:0:0:0:0:0:0:1 - - [19/Oct/2021:22:04:47 +0530] GET /images/favicon.ico HTTP/1.1 200 1150
0:0:0:0:0:0:0:1 - - [19/Oct/2021:22:04:55 +0530] GET /console/viewdocument?view=quick&documentid=69&revisionid=1.0 HTTP/1.1 200 12271
0:0:0:0:0:0:0:1 - - [19/Oct/2021:22:04:55 +0530] GET /css/krystal.css HTTP/1.1 304 -
0:0:0:0:0:0:0:1 - - [19/Oct/2021:22:04:55 +0530] GET /js/jquery.js HTTP/1.1 304 -
0:0:0:0:0:0:0:1 - - [19/Oct/2021:22:04:57 +0530] GET /console/mobiledocumentviewer?documentid=69&revisionid=1.0 HTTP/1.1 200 46989
0:0:0:0:0:0:0:1 - - [19/Oct/2021:22:05:07 +0530] GET /console/viewdocument?view=quick&documentid=69&revisionid=1.0 HTTP/1.1 200 12271
0:0:0:0:0:0:0:1 - - [19/Oct/2021:22:05:07 +0530] GET /css/krystal.css HTTP/1.1 304 -
0:0:0:0:0:0:0:1 - - [19/Oct/2021:22:05:08 +0530] GET /console/viewdocument?view=quick&documentid=68&revisionid=1.0 HTTP/1.1 200 12248
0:0:0:0:0:0:0:1 - - [19/Oct/2021:22:05:09 +0530] GET /console/mobiledocumentviewer?documentid=68&revisionid=1.0 HTTP/1.1 200 933
0:0:0:0:0:0:0:1 - - [19/Oct/2021:22:05:10 +0530] GET /console/viewdocument?view=quick&documentid=67&revisionid=1.0 HTTP/1.1 200 12213
0:0:0:0:0:0:0:1 - - [19/Oct/2021:22:05:10 +0530] GET /console/mobiledocumentviewer?documentid=67&revisionid=1.0 HTTP/1.1 200 81651
0:0:0:0:0:0:0:1 - - [19/Oct/2021:22:05:11 +0530] GET /console/viewdocument?view=quick&documentid=57&revisionid=1.0 HTTP/1.1 200 12240
0:0:0:0:0:0:0:1 - - [19/Oct/2021:22:05:11 +0530] GET /js/jquery.js HTTP/1.1 304 -
0:0:0:0:0:0:0:1 - - [19/Oct/2021:22:05:12 +0530] GET /console/mobiledocumentviewer?documentid=57&revisionid=1.0 HTTP/1.1 200 157461
0:0:0:0:0:0:0:1 - - [19/Oct/2021:22:05:13 +0530] GET /console/viewdocument?view=quick&documentid=56&revisionid=1.0 HTTP/1.1 200 12239
0:0:0:0:0:0:0:1 - - [19/Oct/2021:22:05:13 +0530] GET /css/krystal.css HTTP/1.1 304 -
0:0:0:0:0:0:0:1 - - [19/Oct/2021:22:05:14 +0530] GET /console/mobiledocumentviewer?documentid=56&revisionid=1.0 HTTP/1.1 200 1131930
0:0:0:0:0:0:0:1 - - [19/Oct/2021:22:05:15 +0530] GET /console/viewdocument?view=quick&documentid=57&revisionid=1.0 HTTP/1.1 200 12240
0:0:0:0:0:0:0:1 - - [19/Oct/2021:22:05:15 +0530] GET /console/mobiledocumentviewer?documentid=57&revisionid=1.0 HTTP/1.1 200 157461
0:0:0:0:0:0:0:1 - - [19/Oct/2021:22:05:39 +0530] GET /console/opendocumentclass?classid=1 HTTP/1.1 200 16237
0:0:0:0:0:0:0:1 - - [19/Oct/2021:22:05:39 +0530] GET /css/krystal.css HTTP/1.1 304 -
0:0:0:0:0:0:0:1 - - [19/Oct/2021:22:05:39 +0530] GET /js/jquery.js HTTP/1.1 304 -
0:0:0:0:0:0:0:1 - - [19/Oct/2021:22:05:39 +0530] GET /images/favicon.ico HTTP/1.1 200 1150
0:0:0:0:0:0:0:1 - - [19/Oct/2021:22:05:41 +0530] GET /console/viewdocument?view=quick&documentid=68&revisionid=1.0 HTTP/1.1 200 12248
0:0:0:0:0:0:0:1 - - [19/Oct/2021:22:05:42 +0530] GET /console/mobiledocumentviewer?documentid=68&revisionid=1.0 HTTP/1.1 200 933
0:0:0:0:0:0:0:1 - - [19/Oct/2021:22:05:43 +0530] GET /console/viewdocument?view=quick&documentid=67&revisionid=1.0 HTTP/1.1 200 12213
0:0:0:0:0:0:0:1 - - [19/Oct/2021:22:05:44 +0530] GET /console/mobiledocumentviewer?documentid=67&revisionid=1.0 HTTP/1.1 200 81651
0:0:0:0:0:0:0:1 - - [19/Oct/2021:22:05:44 +0530] GET /console/viewdocument?view=quick&documentid=57&revisionid=1.0 HTTP/1.1 200 12240
0:0:0:0:0:0:0:1 - - [19/Oct/2021:22:05:45 +0530] GET /console/mobiledocumentviewer?documentid=57&revisionid=1.0 HTTP/1.1 200 91414
0:0:0:0:0:0:0:1 - - [19/Oct/2021:22:05:46 +0530] GET /console/viewdocument?view=quick&documentid=56&revisionid=1.0 HTTP/1.1 200 12239
0:0:0:0:0:0:0:1 - - [19/Oct/2021:22:05:47 +0530] GET /console/mobiledocumentviewer?documentid=56&revisionid=1.0 HTTP/1.1 200 1131930
0:0:0:0:0:0:0:1 - - [19/Oct/2021:22:05:50 +0530] GET /console/viewdocument?view=quick&documentid=55&revisionid=1.0 HTTP/1.1 200 12238
0:0:0:0:0:0:0:1 - - [19/Oct/2021:22:05:50 +0530] GET /css/krystal.css HTTP/1.1 304 -
0:0:0:0:0:0:0:1 - - [19/Oct/2021:22:05:50 +0530] GET /js/ViewerJS/?file=/console/mobiledocumentviewer%3Fdocumentid%3D55%26revisionid%3D1.0 HTTP/1.1 200 19920
0:0:0:0:0:0:0:1 - - [19/Oct/2021:22:05:51 +0530] GET /console/mobiledocumentviewer?documentid=55&revisionid=1.0 HTTP/1.1 200 47181
0:0:0:0:0:0:0:1 - - [19/Oct/2021:22:06:03 +0530] GET /console/viewdocument?view=quick&documentid=54&revisionid=1.0 HTTP/1.1 200 12238
0:0:0:0:0:0:0:1 - - [19/Oct/2021:22:06:03 +0530] GET /css/krystal.css HTTP/1.1 304 -
0:0:0:0:0:0:0:1 - - [19/Oct/2021:22:06:03 +0530] GET /js/jquery.js HTTP/1.1 304 -
0:0:0:0:0:0:0:1 - - [19/Oct/2021:22:06:04 +0530] GET /js/ViewerJS/?file=/console/mobiledocumentviewer%3Fdocumentid%3D54%26revisionid%3D1.0 HTTP/1.1 200 19920
0:0:0:0:0:0:0:1 - - [19/Oct/2021:22:06:06 +0530] GET /console/mobiledocumentviewer?documentid=54&revisionid=1.0 HTTP/1.1 200 4033329
0:0:0:0:0:0:0:1 - - [19/Oct/2021:22:06:26 +0530] GET /css/krystal.css HTTP/1.1 304 -
0:0:0:0:0:0:0:1 - - [19/Oct/2021:22:06:26 +0530] GET /js/bootstrap.bundle.js.map HTTP/1.1 404 -
0:0:0:0:0:0:0:1 - - [19/Oct/2021:22:06:27 +0530] GET /js/build/pdf.js.map HTTP/1.1 200 807642
0:0:0:0:0:0:0:1 - - [19/Oct/2021:22:06:27 +0530] GET /js/ViewerJS/viewer.js.map HTTP/1.1 200 833458
0:0:0:0:0:0:0:1 - - [19/Oct/2021:22:06:27 +0530] GET /js/build/pdf.worker.js.map HTTP/1.1 200 3633076
0:0:0:0:0:0:0:1 - - [19/Oct/2021:22:06:30 +0530] GET /js/ViewerJS/images/toolbarButton-presentationMode.svg HTTP/1.1 200 390
0:0:0:0:0:0:0:1 - - [19/Oct/2021:22:06:32 +0530] GET /console/opendocumentclass?classid=1 HTTP/1.1 200 16236
0:0:0:0:0:0:0:1 - - [19/Oct/2021:22:06:32 +0530] GET /js/jquery.js HTTP/1.1 304 -
0:0:0:0:0:0:0:1 - - [19/Oct/2021:22:06:32 +0530] GET /images/favicon.ico HTTP/1.1 200 1150
0:0:0:0:0:0:0:1 - - [19/Oct/2021:22:06:36 +0530] GET /js/bootstrap.bundle.js.map HTTP/1.1 404 -
0:0:0:0:0:0:0:1 - - [19/Oct/2021:22:06:36 +0530] GET /js/build/pdf.js.map HTTP/1.1 200 807642
0:0:0:0:0:0:0:1 - - [19/Oct/2021:22:06:36 +0530] GET /js/ViewerJS/viewer.js.map HTTP/1.1 200 833458
0:0:0:0:0:0:0:1 - - [19/Oct/2021:22:08:18 +0530] GET /console/opendocumentclass?classid=1 HTTP/1.1 302 -
0:0:0:0:0:0:0:1 - - [19/Oct/2021:22:08:18 +0530] GET / HTTP/1.1 200 5724
0:0:0:0:0:0:0:1 - - [19/Oct/2021:22:08:18 +0530] GET /css/krystal.css HTTP/1.1 304 -
0:0:0:0:0:0:0:1 - - [19/Oct/2021:22:08:18 +0530] GET /js/jquery.js HTTP/1.1 304 -
0:0:0:0:0:0:0:1 - - [19/Oct/2021:22:08:22 +0530] GET /js/bootstrap.bundle.js.map HTTP/1.1 404 -
0:0:0:0:0:0:0:1 - - [19/Oct/2021:22:08:28 +0530] GET /status HTTP/1.1 404 -
0:0:0:0:0:0:0:1 - - [19/Oct/2021:22:08:38 +0530] GET /status HTTP/1.1 404 -
0:0:0:0:0:0:0:1 - - [19/Oct/2021:22:08:48 +0530] GET /status HTTP/1.1 404 -
0:0:0:0:0:0:0:1 - - [19/Oct/2021:22:08:58 +0530] GET / HTTP/1.1 200 5725
0:0:0:0:0:0:0:1 - - [19/Oct/2021:22:08:58 +0530] GET /css/bootstrap.css HTTP/1.1 200 213057
0:0:0:0:0:0:0:1 - - [19/Oct/2021:22:08:58 +0530] GET /css/bootstrap-dialog.css HTTP/1.1 200 2554
0:0:0:0:0:0:0:1 - - [19/Oct/2021:22:08:58 +0530] GET /css/datepicker.css HTTP/1.1 200 33702
0:0:0:0:0:0:0:1 - - [19/Oct/2021:22:08:58 +0530] GET /css/sticky-footer-navbar.css HTTP/1.1 200 938
0:0:0:0:0:0:0:1 - - [19/Oct/2021:22:08:58 +0530] GET /css/colorbox.css HTTP/1.1 200 4385
0:0:0:0:0:0:0:1 - - [19/Oct/2021:22:08:58 +0530] GET /css/krystal.css HTTP/1.1 200 7368
0:0:0:0:0:0:0:1 - - [19/Oct/2021:22:08:58 +0530] GET /css/morris.css HTTP/1.1 200 443
0:0:0:0:0:0:0:1 - - [19/Oct/2021:22:08:58 +0530] GET /css/bootstrap-icons.css HTTP/1.1 200 65631
0:0:0:0:0:0:0:1 - - [19/Oct/2021:22:08:58 +0530] GET /js/jquery.js HTTP/1.1 200 89503
0:0:0:0:0:0:0:1 - - [19/Oct/2021:22:08:58 +0530] GET /js/jquery.validate.min.js HTTP/1.1 200 21071
0:0:0:0:0:0:0:1 - - [19/Oct/2021:22:08:58 +0530] GET /js/odometer.min.js HTTP/1.1 200 9896
0:0:0:0:0:0:0:1 - - [19/Oct/2021:22:08:58 +0530] GET /js/bootstrap-dialog.js HTTP/1.1 200 21189
0:0:0:0:0:0:0:1 - - [19/Oct/2021:22:08:58 +0530] GET /js/bootstrap-datepicker.js HTTP/1.1 200 46820
0:0:0:0:0:0:0:1 - - [19/Oct/2021:22:08:58 +0530] GET /js/additional-methods.min.js HTTP/1.1 200 13821
0:0:0:0:0:0:0:1 - - [19/Oct/2021:22:08:58 +0530] GET /js/typeahead.min.js HTTP/1.1 200 21804
0:0:0:0:0:0:0:1 - - [19/Oct/2021:22:08:58 +0530] GET /js/bootstrap.bundle.js HTTP/1.1 200 208002
0:0:0:0:0:0:0:1 - - [19/Oct/2021:22:08:58 +0530] GET /js/morris.js HTTP/1.1 200 60604
0:0:0:0:0:0:0:1 - - [19/Oct/2021:22:08:58 +0530] GET /js/raphael-min.js HTTP/1.1 200 90647
0:0:0:0:0:0:0:1 - - [19/Oct/2021:22:08:58 +0530] GET /js/jquery.colorbox-min.js HTTP/1.1 200 11095
0:0:0:0:0:0:0:1 - - [19/Oct/2021:22:08:58 +0530] GET /js/jquery.highlight.js HTTP/1.1 200 4089
0:0:0:0:0:0:0:1 - - [19/Oct/2021:22:08:58 +0530] GET /js/scripts.js HTTP/1.1 200 18614
0:0:0:0:0:0:0:1 - - [19/Oct/2021:22:08:58 +0530] GET /images/krystal.png HTTP/1.1 200 7835
0:0:0:0:0:0:0:1 - - [19/Oct/2021:22:08:59 +0530] GET /fonts/bootstrap-icons.woff2 HTTP/1.1 200 90528
0:0:0:0:0:0:0:1 - - [19/Oct/2021:22:08:59 +0530] GET /js/bootstrap.bundle.js.map HTTP/1.1 404 -
0:0:0:0:0:0:0:1 - - [19/Oct/2021:22:08:59 +0530] GET /images/favicon.ico HTTP/1.1 200 1150
0:0:0:0:0:0:0:1 - - [19/Oct/2021:22:09:09 +0530] GET /status HTTP/1.1 404 -
0:0:0:0:0:0:0:1 - - [19/Oct/2021:22:09:19 +0530] GET /status HTTP/1.1 404 -
0:0:0:0:0:0:0:1 - - [19/Oct/2021:22:09:21 +0530] GET / HTTP/1.1 200 5725
0:0:0:0:0:0:0:1 - - [19/Oct/2021:22:09:21 +0530] GET /css/bootstrap.css HTTP/1.1 200 213059
0:0:0:0:0:0:0:1 - - [19/Oct/2021:22:09:21 +0530] GET /css/bootstrap-dialog.css HTTP/1.1 200 2554
0:0:0:0:0:0:0:1 - - [19/Oct/2021:22:09:21 +0530] GET /css/sticky-footer-navbar.css HTTP/1.1 200 938
0:0:0:0:0:0:0:1 - - [19/Oct/2021:22:09:21 +0530] GET /css/colorbox.css HTTP/1.1 200 4385
0:0:0:0:0:0:0:1 - - [19/Oct/2021:22:09:21 +0530] GET /css/morris.css HTTP/1.1 200 443
0:0:0:0:0:0:0:1 - - [19/Oct/2021:22:09:21 +0530] GET /css/datepicker.css HTTP/1.1 200 33702
0:0:0:0:0:0:0:1 - - [19/Oct/2021:22:09:21 +0530] GET /css/krystal.css HTTP/1.1 200 7368
0:0:0:0:0:0:0:1 - - [19/Oct/2021:22:09:21 +0530] GET /css/bootstrap-icons.css HTTP/1.1 200 65631
0:0:0:0:0:0:0:1 - - [19/Oct/2021:22:09:21 +0530] GET /js/jquery.js HTTP/1.1 200 89503
0:0:0:0:0:0:0:1 - - [19/Oct/2021:22:09:21 +0530] GET /js/additional-methods.min.js HTTP/1.1 200 13821
0:0:0:0:0:0:0:1 - - [19/Oct/2021:22:09:21 +0530] GET /js/jquery.validate.min.js HTTP/1.1 200 21071
0:0:0:0:0:0:0:1 - - [19/Oct/2021:22:09:21 +0530] GET /js/odometer.min.js HTTP/1.1 200 9896
0:0:0:0:0:0:0:1 - - [19/Oct/2021:22:09:21 +0530] GET /js/bootstrap-datepicker.js HTTP/1.1 200 46820
0:0:0:0:0:0:0:1 - - [19/Oct/2021:22:09:21 +0530] GET /js/bootstrap-dialog.js HTTP/1.1 200 21189
0:0:0:0:0:0:0:1 - - [19/Oct/2021:22:09:21 +0530] GET /js/bootstrap.bundle.js HTTP/1.1 200 208002
0:0:0:0:0:0:0:1 - - [19/Oct/2021:22:09:21 +0530] GET /js/jquery.colorbox-min.js HTTP/1.1 200 11095
0:0:0:0:0:0:0:1 - - [19/Oct/2021:22:09:21 +0530] GET /js/morris.js HTTP/1.1 200 60604
0:0:0:0:0:0:0:1 - - [19/Oct/2021:22:09:21 +0530] GET /js/jquery.highlight.js HTTP/1.1 200 4089
0:0:0:0:0:0:0:1 - - [19/Oct/2021:22:09:21 +0530] GET /js/typeahead.min.js HTTP/1.1 200 21804
0:0:0:0:0:0:0:1 - - [19/Oct/2021:22:09:21 +0530] GET /js/raphael-min.js HTTP/1.1 200 90647
0:0:0:0:0:0:0:1 - - [19/Oct/2021:22:09:21 +0530] GET /js/scripts.js HTTP/1.1 200 18614
0:0:0:0:0:0:0:1 - - [19/Oct/2021:22:09:21 +0530] GET /images/krystal.png HTTP/1.1 200 7835
0:0:0:0:0:0:0:1 - - [19/Oct/2021:22:09:21 +0530] GET /js/bootstrap.bundle.js.map HTTP/1.1 404 -
0:0:0:0:0:0:0:1 - - [19/Oct/2021:22:09:21 +0530] GET /fonts/bootstrap-icons.woff2 HTTP/1.1 200 90528
0:0:0:0:0:0:0:1 - - [19/Oct/2021:22:09:21 +0530] GET /images/favicon.ico HTTP/1.1 200 1150
0:0:0:0:0:0:0:1 - - [19/Oct/2021:22:09:28 +0530] POST /login HTTP/1.1 302 -
0:0:0:0:0:0:0:1 - - [19/Oct/2021:22:09:28 +0530] GET /console HTTP/1.1 200 11268
0:0:0:0:0:0:0:1 - - [19/Oct/2021:22:09:28 +0530] GET /css/bootstrap.css HTTP/1.1 200 213059
0:0:0:0:0:0:0:1 - - [19/Oct/2021:22:09:28 +0530] GET /css/bootstrap-dialog.css HTTP/1.1 200 2554
0:0:0:0:0:0:0:1 - - [19/Oct/2021:22:09:28 +0530] GET /css/datepicker.css HTTP/1.1 200 33702
0:0:0:0:0:0:0:1 - - [19/Oct/2021:22:09:28 +0530] GET /css/sticky-footer-navbar.css HTTP/1.1 200 938
0:0:0:0:0:0:0:1 - - [19/Oct/2021:22:09:28 +0530] GET /css/colorbox.css HTTP/1.1 200 4385
0:0:0:0:0:0:0:1 - - [19/Oct/2021:22:09:28 +0530] GET /css/morris.css HTTP/1.1 200 443
0:0:0:0:0:0:0:1 - - [19/Oct/2021:22:09:28 +0530] GET /css/krystal.css HTTP/1.1 200 7368
0:0:0:0:0:0:0:1 - - [19/Oct/2021:22:09:28 +0530] GET /css/bootstrap-icons.css HTTP/1.1 200 65631
0:0:0:0:0:0:0:1 - - [19/Oct/2021:22:09:28 +0530] GET /js/jquery.js HTTP/1.1 200 89503
0:0:0:0:0:0:0:1 - - [19/Oct/2021:22:09:28 +0530] GET /js/jquery.validate.min.js HTTP/1.1 200 21071
0:0:0:0:0:0:0:1 - - [19/Oct/2021:22:09:28 +0530] GET /js/odometer.min.js HTTP/1.1 200 9896
0:0:0:0:0:0:0:1 - - [19/Oct/2021:22:09:28 +0530] GET /js/additional-methods.min.js HTTP/1.1 200 13821
0:0:0:0:0:0:0:1 - - [19/Oct/2021:22:09:28 +0530] GET /js/bootstrap-datepicker.js HTTP/1.1 200 46820
0:0:0:0:0:0:0:1 - - [19/Oct/2021:22:09:28 +0530] GET /js/bootstrap-dialog.js HTTP/1.1 200 21189
0:0:0:0:0:0:0:1 - - [19/Oct/2021:22:09:28 +0530] GET /js/bootstrap.bundle.js HTTP/1.1 200 208002
0:0:0:0:0:0:0:1 - - [19/Oct/2021:22:09:28 +0530] GET /js/typeahead.min.js HTTP/1.1 200 21804
0:0:0:0:0:0:0:1 - - [19/Oct/2021:22:09:28 +0530] GET /js/jquery.colorbox-min.js HTTP/1.1 200 11095
0:0:0:0:0:0:0:1 - - [19/Oct/2021:22:09:28 +0530] GET /js/morris.js HTTP/1.1 200 60604
0:0:0:0:0:0:0:1 - - [19/Oct/2021:22:09:28 +0530] GET /js/jquery.highlight.js HTTP/1.1 200 4089
0:0:0:0:0:0:0:1 - - [19/Oct/2021:22:09:28 +0530] GET /js/raphael-min.js HTTP/1.1 200 90647
0:0:0:0:0:0:0:1 - - [19/Oct/2021:22:09:28 +0530] GET /js/scripts.js HTTP/1.1 200 18614
0:0:0:0:0:0:0:1 - - [19/Oct/2021:22:09:28 +0530] GET /images/krystal.png HTTP/1.1 200 7835
0:0:0:0:0:0:0:1 - - [19/Oct/2021:22:09:29 +0530] GET /js/bootstrap.bundle.js.map HTTP/1.1 404 -
0:0:0:0:0:0:0:1 - - [19/Oct/2021:22:09:29 +0530] GET /fonts/bootstrap-icons.woff2 HTTP/1.1 200 90528
0:0:0:0:0:0:0:1 - - [19/Oct/2021:22:09:29 +0530] GET /console/profilepicture?size=medium&username=ADMINISTRATOR HTTP/1.1 200 1872
0:0:0:0:0:0:0:1 - - [19/Oct/2021:22:09:31 +0530] GET /console/opendocumentclass?classid=1 HTTP/1.1 200 16237
0:0:0:0:0:0:0:1 - - [19/Oct/2021:22:09:31 +0530] GET /css/bootstrap.css HTTP/1.1 200 213059
0:0:0:0:0:0:0:1 - - [19/Oct/2021:22:09:31 +0530] GET /css/bootstrap-dialog.css HTTP/1.1 200 2554
0:0:0:0:0:0:0:1 - - [19/Oct/2021:22:09:31 +0530] GET /css/datepicker.css HTTP/1.1 200 33702
0:0:0:0:0:0:0:1 - - [19/Oct/2021:22:09:31 +0530] GET /css/sticky-footer-navbar.css HTTP/1.1 200 938
0:0:0:0:0:0:0:1 - - [19/Oct/2021:22:09:31 +0530] GET /css/colorbox.css HTTP/1.1 200 4385
0:0:0:0:0:0:0:1 - - [19/Oct/2021:22:09:31 +0530] GET /css/morris.css HTTP/1.1 200 443
0:0:0:0:0:0:0:1 - - [19/Oct/2021:22:09:31 +0530] GET /css/bootstrap-icons.css HTTP/1.1 200 65631
0:0:0:0:0:0:0:1 - - [19/Oct/2021:22:09:31 +0530] GET /css/krystal.css HTTP/1.1 200 7368
0:0:0:0:0:0:0:1 - - [19/Oct/2021:22:09:31 +0530] GET /js/jquery.js HTTP/1.1 200 89503
0:0:0:0:0:0:0:1 - - [19/Oct/2021:22:09:31 +0530] GET /js/bootstrap-dialog.js HTTP/1.1 200 21189
0:0:0:0:0:0:0:1 - - [19/Oct/2021:22:09:31 +0530] GET /js/additional-methods.min.js HTTP/1.1 200 13821
0:0:0:0:0:0:0:1 - - [19/Oct/2021:22:09:31 +0530] GET /js/jquery.validate.min.js HTTP/1.1 200 21071
0:0:0:0:0:0:0:1 - - [19/Oct/2021:22:09:31 +0530] GET /js/odometer.min.js HTTP/1.1 200 9896
0:0:0:0:0:0:0:1 - - [19/Oct/2021:22:09:31 +0530] GET /js/bootstrap-datepicker.js HTTP/1.1 200 46820
0:0:0:0:0:0:0:1 - - [19/Oct/2021:22:09:31 +0530] GET /js/bootstrap.bundle.js HTTP/1.1 200 208002
0:0:0:0:0:0:0:1 - - [19/Oct/2021:22:09:31 +0530] GET /js/typeahead.min.js HTTP/1.1 200 21804
0:0:0:0:0:0:0:1 - - [19/Oct/2021:22:09:31 +0530] GET /js/jquery.colorbox-min.js HTTP/1.1 200 11095
0:0:0:0:0:0:0:1 - - [19/Oct/2021:22:09:31 +0530] GET /js/jquery.highlight.js HTTP/1.1 200 4089
0:0:0:0:0:0:0:1 - - [19/Oct/2021:22:09:31 +0530] GET /js/raphael-min.js HTTP/1.1 200 90647
0:0:0:0:0:0:0:1 - - [19/Oct/2021:22:09:31 +0530] GET /js/morris.js HTTP/1.1 200 60604
0:0:0:0:0:0:0:1 - - [19/Oct/2021:22:09:31 +0530] GET /js/scripts.js HTTP/1.1 200 18614
0:0:0:0:0:0:0:1 - - [19/Oct/2021:22:09:31 +0530] GET /images/krystal.png HTTP/1.1 200 7835
0:0:0:0:0:0:0:1 - - [19/Oct/2021:22:09:31 +0530] GET /js/bootstrap.bundle.js.map HTTP/1.1 404 -
0:0:0:0:0:0:0:1 - - [19/Oct/2021:22:09:31 +0530] GET /images/FILE.gif HTTP/1.1 200 1064
0:0:0:0:0:0:0:1 - - [19/Oct/2021:22:09:31 +0530] GET /images/TXT.gif HTTP/1.1 200 897
0:0:0:0:0:0:0:1 - - [19/Oct/2021:22:09:31 +0530] GET /images/TIFF.gif HTTP/1.1 200 130
0:0:0:0:0:0:0:1 - - [19/Oct/2021:22:09:31 +0530] GET /images/DOCX.gif HTTP/1.1 200 432
0:0:0:0:0:0:0:1 - - [19/Oct/2021:22:09:31 +0530] GET /images/JPG.gif HTTP/1.1 200 942
0:0:0:0:0:0:0:1 - - [19/Oct/2021:22:09:31 +0530] GET /images/PNG.gif HTTP/1.1 200 918
0:0:0:0:0:0:0:1 - - [19/Oct/2021:22:09:31 +0530] GET /images/PDF.gif HTTP/1.1 200 624
0:0:0:0:0:0:0:1 - - [19/Oct/2021:22:09:31 +0530] GET /fonts/bootstrap-icons.woff2 HTTP/1.1 200 90528
0:0:0:0:0:0:0:1 - - [19/Oct/2021:22:10:16 +0530] GET /console/opendocumentclass?classid=1 HTTP/1.1 200 16237
0:0:0:0:0:0:0:1 - - [19/Oct/2021:22:10:16 +0530] GET /css/bootstrap.css HTTP/1.1 200 213068
0:0:0:0:0:0:0:1 - - [19/Oct/2021:22:10:16 +0530] GET /css/bootstrap-dialog.css HTTP/1.1 200 2554
0:0:0:0:0:0:0:1 - - [19/Oct/2021:22:10:16 +0530] GET /css/sticky-footer-navbar.css HTTP/1.1 200 938
0:0:0:0:0:0:0:1 - - [19/Oct/2021:22:10:16 +0530] GET /css/datepicker.css HTTP/1.1 200 33702
0:0:0:0:0:0:0:1 - - [19/Oct/2021:22:10:16 +0530] GET /css/morris.css HTTP/1.1 200 443
0:0:0:0:0:0:0:1 - - [19/Oct/2021:22:10:16 +0530] GET /css/colorbox.css HTTP/1.1 200 4385
0:0:0:0:0:0:0:1 - - [19/Oct/2021:22:10:16 +0530] GET /css/krystal.css HTTP/1.1 200 7368
0:0:0:0:0:0:0:1 - - [19/Oct/2021:22:10:16 +0530] GET /css/bootstrap-icons.css HTTP/1.1 200 65631
0:0:0:0:0:0:0:1 - - [19/Oct/2021:22:10:16 +0530] GET /js/jquery.js HTTP/1.1 200 89503
0:0:0:0:0:0:0:1 - - [19/Oct/2021:22:10:16 +0530] GET /js/jquery.validate.min.js HTTP/1.1 200 21071
0:0:0:0:0:0:0:1 - - [19/Oct/2021:22:10:16 +0530] GET /js/additional-methods.min.js HTTP/1.1 200 13821
0:0:0:0:0:0:0:1 - - [19/Oct/2021:22:10:16 +0530] GET /js/odometer.min.js HTTP/1.1 200 9896
0:0:0:0:0:0:0:1 - - [19/Oct/2021:22:10:16 +0530] GET /js/bootstrap-dialog.js HTTP/1.1 200 21189
0:0:0:0:0:0:0:1 - - [19/Oct/2021:22:10:16 +0530] GET /js/bootstrap-datepicker.js HTTP/1.1 200 46820
0:0:0:0:0:0:0:1 - - [19/Oct/2021:22:10:16 +0530] GET /js/bootstrap.bundle.js HTTP/1.1 200 208002
0:0:0:0:0:0:0:1 - - [19/Oct/2021:22:10:16 +0530] GET /js/raphael-min.js HTTP/1.1 200 90647
0:0:0:0:0:0:0:1 - - [19/Oct/2021:22:10:16 +0530] GET /js/morris.js HTTP/1.1 200 60604
0:0:0:0:0:0:0:1 - - [19/Oct/2021:22:10:16 +0530] GET /js/jquery.colorbox-min.js HTTP/1.1 200 11095
0:0:0:0:0:0:0:1 - - [19/Oct/2021:22:10:16 +0530] GET /js/jquery.highlight.js HTTP/1.1 200 4089
0:0:0:0:0:0:0:1 - - [19/Oct/2021:22:10:16 +0530] GET /js/typeahead.min.js HTTP/1.1 200 21804
0:0:0:0:0:0:0:1 - - [19/Oct/2021:22:10:16 +0530] GET /js/scripts.js HTTP/1.1 200 18614
0:0:0:0:0:0:0:1 - - [19/Oct/2021:22:10:16 +0530] GET /images/krystal.png HTTP/1.1 200 7835
0:0:0:0:0:0:0:1 - - [19/Oct/2021:22:10:16 +0530] GET /images/FILE.gif HTTP/1.1 200 1064
0:0:0:0:0:0:0:1 - - [19/Oct/2021:22:10:16 +0530] GET /images/DOCX.gif HTTP/1.1 200 432
0:0:0:0:0:0:0:1 - - [19/Oct/2021:22:10:16 +0530] GET /images/TXT.gif HTTP/1.1 200 897
0:0:0:0:0:0:0:1 - - [19/Oct/2021:22:10:16 +0530] GET /images/JPG.gif HTTP/1.1 200 942
0:0:0:0:0:0:0:1 - - [19/Oct/2021:22:10:16 +0530] GET /images/TIFF.gif HTTP/1.1 200 130
0:0:0:0:0:0:0:1 - - [19/Oct/2021:22:10:16 +0530] GET /images/PDF.gif HTTP/1.1 200 624
0:0:0:0:0:0:0:1 - - [19/Oct/2021:22:10:16 +0530] GET /images/PNG.gif HTTP/1.1 200 918
0:0:0:0:0:0:0:1 - - [19/Oct/2021:22:10:17 +0530] GET /fonts/bootstrap-icons.woff2 HTTP/1.1 200 90528
0:0:0:0:0:0:0:1 - - [19/Oct/2021:22:10:17 +0530] GET /js/bootstrap.bundle.js.map HTTP/1.1 404 -
0:0:0:0:0:0:0:1 - - [19/Oct/2021:22:10:17 +0530] GET /images/favicon.ico HTTP/1.1 200 1150
0:0:0:0:0:0:0:1 - - [19/Oct/2021:22:10:23 +0530] GET /cpanel HTTP/1.1 200 6416
0:0:0:0:0:0:0:1 - - [19/Oct/2021:22:10:23 +0530] GET /css/bootstrap.css HTTP/1.1 304 -
0:0:0:0:0:0:0:1 - - [19/Oct/2021:22:10:25 +0530] GET /console HTTP/1.1 200 11263
0:0:0:0:0:0:0:1 - - [19/Oct/2021:22:10:25 +0530] GET /css/bootstrap.css HTTP/1.1 304 -
0:0:0:0:0:0:0:1 - - [19/Oct/2021:22:10:25 +0530] GET /console/profilepicture?size=medium&username=ADMINISTRATOR HTTP/1.1 200 1872
0:0:0:0:0:0:0:1 - - [19/Oct/2021:22:10:26 +0530] GET /cpanel HTTP/1.1 200 6416
0:0:0:0:0:0:0:1 - - [19/Oct/2021:22:10:30 +0530] POST /console/search HTTP/1.1 200 7009
0:0:0:0:0:0:0:1 - - [19/Oct/2021:22:10:30 +0530] GET /css/bootstrap.css HTTP/1.1 304 -
0:0:0:0:0:0:0:1 - - [19/Oct/2021:22:10:46 +0530] POST /console/search HTTP/1.1 200 6321
0:0:0:0:0:0:0:1 - - [19/Oct/2021:22:10:46 +0530] GET /css/bootstrap.css HTTP/1.1 304 -
0:0:0:0:0:0:0:1 - - [19/Oct/2021:22:10:54 +0530] GET /console/myprofile HTTP/1.1 200 14485
0:0:0:0:0:0:0:1 - - [19/Oct/2021:22:10:54 +0530] GET /css/bootstrap.css HTTP/1.1 304 -
0:0:0:0:0:0:0:1 - - [19/Oct/2021:22:10:54 +0530] GET /css/krystal.css HTTP/1.1 304 -
0:0:0:0:0:0:0:1 - - [19/Oct/2021:22:10:54 +0530] GET /console/profilepicture?username=ADMINISTRATOR HTTP/1.1 200 4114
0:0:0:0:0:0:0:1 - - [19/Oct/2021:22:11:05 +0530] GET /logout HTTP/1.1 200 4896
0:0:0:0:0:0:0:1 - - [19/Oct/2021:22:11:05 +0530] GET /css/bootstrap.css HTTP/1.1 304 -
0:0:0:0:0:0:0:1 - - [19/Oct/2021:22:11:05 +0530] GET /js/jquery.js HTTP/1.1 304 -
0:0:0:0:0:0:0:1 - - [19/Oct/2021:22:11:06 +0530] GET / HTTP/1.1 200 5726
0:0:0:0:0:0:0:1 - - [19/Oct/2021:22:11:17 +0530] GET /status HTTP/1.1 404 -
0:0:0:0:0:0:0:1 - - [19/Oct/2021:22:11:27 +0530] GET /status HTTP/1.1 404 -
0:0:0:0:0:0:0:1 - - [19/Oct/2021:22:11:37 +0530] GET /status HTTP/1.1 404 -
0:0:0:0:0:0:0:1 - - [19/Oct/2021:22:11:47 +0530] GET /status HTTP/1.1 404 -
0:0:0:0:0:0:0:1 - - [19/Oct/2021:22:11:57 +0530] GET /status HTTP/1.1 404 -
0:0:0:0:0:0:0:1 - - [19/Oct/2021:22:12:07 +0530] GET /status HTTP/1.1 404 -
0:0:0:0:0:0:0:1 - - [19/Oct/2021:22:12:17 +0530] GET /status HTTP/1.1 404 -
0:0:0:0:0:0:0:1 - - [19/Oct/2021:22:12:27 +0530] GET /status HTTP/1.1 404 -
0:0:0:0:0:0:0:1 - - [19/Oct/2021:22:12:37 +0530] GET /status HTTP/1.1 404 -
0:0:0:0:0:0:0:1 - - [19/Oct/2021:22:12:47 +0530] GET /status HTTP/1.1 404 -
0:0:0:0:0:0:0:1 - - [19/Oct/2021:22:12:57 +0530] GET /status HTTP/1.1 404 -
0:0:0:0:0:0:0:1 - - [19/Oct/2021:22:13:07 +0530] GET /status HTTP/1.1 404 -
0:0:0:0:0:0:0:1 - - [19/Oct/2021:22:13:17 +0530] GET /status HTTP/1.1 404 -
0:0:0:0:0:0:0:1 - - [19/Oct/2021:22:13:27 +0530] GET /status HTTP/1.1 404 -
0:0:0:0:0:0:0:1 - - [19/Oct/2021:22:13:29 +0530] POST /login HTTP/1.1 302 -
0:0:0:0:0:0:0:1 - - [19/Oct/2021:22:13:29 +0530] GET /console HTTP/1.1 200 11208
0:0:0:0:0:0:0:1 - - [19/Oct/2021:22:13:29 +0530] GET /css/bootstrap.css HTTP/1.1 304 -
0:0:0:0:0:0:0:1 - - [19/Oct/2021:22:13:29 +0530] GET /css/krystal.css HTTP/1.1 304 -
0:0:0:0:0:0:0:1 - - [19/Oct/2021:22:13:29 +0530] GET /js/jquery.js HTTP/1.1 304 -
0:0:0:0:0:0:0:1 - - [19/Oct/2021:22:13:29 +0530] GET /console/profilepicture?size=medium&username=ADMINISTRATOR HTTP/1.1 200 1872
0:0:0:0:0:0:0:1 - - [19/Oct/2021:22:14:26 +0530] GET /console HTTP/1.1 200 11347
0:0:0:0:0:0:0:1 - - [19/Oct/2021:22:14:27 +0530] GET /css/bootstrap.css HTTP/1.1 304 -
0:0:0:0:0:0:0:1 - - [19/Oct/2021:22:14:27 +0530] GET /css/krystal.css HTTP/1.1 304 -
0:0:0:0:0:0:0:1 - - [19/Oct/2021:22:14:27 +0530] GET /console/profilepicture?size=medium&username=ADMINISTRATOR HTTP/1.1 200 1872
0:0:0:0:0:0:0:1 - - [19/Oct/2021:22:14:27 +0530] GET /images/favicon.ico HTTP/1.1 200 1150
0:0:0:0:0:0:0:1 - - [19/Oct/2021:22:16:23 +0530] GET /console HTTP/1.1 200 11379
0:0:0:0:0:0:0:1 - - [19/Oct/2021:22:16:23 +0530] GET /css/bootstrap.css HTTP/1.1 304 -
0:0:0:0:0:0:0:1 - - [19/Oct/2021:22:16:23 +0530] GET /css/krystal.css HTTP/1.1 304 -
0:0:0:0:0:0:0:1 - - [19/Oct/2021:22:16:23 +0530] GET /js/jquery.js HTTP/1.1 304 -
0:0:0:0:0:0:0:1 - - [19/Oct/2021:22:16:23 +0530] GET /console/profilepicture?size=medium&username=ADMINISTRATOR HTTP/1.1 200 1872
0:0:0:0:0:0:0:1 - - [19/Oct/2021:22:16:24 +0530] GET /images/favicon.ico HTTP/1.1 200 1150
0:0:0:0:0:0:0:1 - - [19/Oct/2021:22:16:25 +0530] GET /console/myprofile HTTP/1.1 200 14656
0:0:0:0:0:0:0:1 - - [19/Oct/2021:22:16:25 +0530] GET /console/profilepicture?username=ADMINISTRATOR HTTP/1.1 200 4114
0:0:0:0:0:0:0:1 - - [19/Oct/2021:22:16:47 +0530] GET /console HTTP/1.1 200 11379
0:0:0:0:0:0:0:1 - - [19/Oct/2021:22:16:48 +0530] GET /console/profilepicture?size=medium&username=ADMINISTRATOR HTTP/1.1 200 1872
0:0:0:0:0:0:0:1 - - [19/Oct/2021:22:17:51 +0530] GET /cpanel HTTP/1.1 200 6587
0:0:0:0:0:0:0:1 - - [19/Oct/2021:22:17:52 +0530] GET /css/bootstrap.css HTTP/1.1 304 -
0:0:0:0:0:0:0:1 - - [19/Oct/2021:22:17:52 +0530] GET /css/krystal.css HTTP/1.1 304 -
0:0:0:0:0:0:0:1 - - [19/Oct/2021:22:17:52 +0530] GET /js/jquery.js HTTP/1.1 304 -
0:0:0:0:0:0:0:1 - - [19/Oct/2021:22:17:52 +0530] GET /cpanel/reports HTTP/1.1 200 6952
0:0:0:0:0:0:0:1 - - [19/Oct/2021:22:17:54 +0530] GET /cpanel HTTP/1.1 200 6587
0:0:0:0:0:0:0:1 - - [19/Oct/2021:22:17:54 +0530] GET /cpanel/recyclebin HTTP/1.1 200 6211
0:0:0:0:0:0:0:1 - - [19/Oct/2021:22:17:57 +0530] GET /console HTTP/1.1 200 11379
0:0:0:0:0:0:0:1 - - [19/Oct/2021:22:17:57 +0530] GET /console/profilepicture?size=medium&username=ADMINISTRATOR HTTP/1.1 200 1872
0:0:0:0:0:0:0:1 - - [19/Oct/2021:22:17:58 +0530] GET /console/opendocumentclass?classid=1 HTTP/1.1 200 16412
0:0:0:0:0:0:0:1 - - [19/Oct/2021:22:18:06 +0530] GET /console HTTP/1.1 200 11374
0:0:0:0:0:0:0:1 - - [19/Oct/2021:22:18:06 +0530] GET /console/profilepicture?size=medium&username=ADMINISTRATOR HTTP/1.1 200 1872
