0:0:0:0:0:0:0:1 - - [20/Oct/2021:09:06:40 +0530] GET / HTTP/1.1 200 5725
0:0:0:0:0:0:0:1 - - [20/Oct/2021:09:06:40 +0530] GET /css/bootstrap.css HTTP/1.1 200 213068
0:0:0:0:0:0:0:1 - - [20/Oct/2021:09:06:40 +0530] GET /css/sticky-footer-navbar.css HTTP/1.1 304 -
0:0:0:0:0:0:0:1 - - [20/Oct/2021:09:06:40 +0530] GET /css/krystal.css HTTP/1.1 304 -
0:0:0:0:0:0:0:1 - - [20/Oct/2021:09:06:40 +0530] GET /js/jquery.js HTTP/1.1 304 -
0:0:0:0:0:0:0:1 - - [20/Oct/2021:09:06:40 +0530] GET /js/bootstrap.bundle.js HTTP/1.1 200 208002
0:0:0:0:0:0:0:1 - - [20/Oct/2021:09:06:40 +0530] GET /js/scripts.js HTTP/1.1 304 -
0:0:0:0:0:0:0:1 - - [20/Oct/2021:09:06:45 +0530] POST /login HTTP/1.1 302 -
0:0:0:0:0:0:0:1 - - [20/Oct/2021:09:06:45 +0530] GET /console HTTP/1.1 200 11346
0:0:0:0:0:0:0:1 - - [20/Oct/2021:09:06:46 +0530] GET /console/profilepicture?size=medium&username=ADMINISTRATOR HTTP/1.1 200 1872
0:0:0:0:0:0:0:1 - - [20/Oct/2021:09:06:52 +0530] GET /console/opendocumentclass?classid=1 HTTP/1.1 200 16413
0:0:0:0:0:0:0:1 - - [20/Oct/2021:09:06:54 +0530] GET /console/viewdocument?documentid=69&revisionid=1.0 HTTP/1.1 200 17951
0:0:0:0:0:0:0:1 - - [20/Oct/2021:09:06:54 +0530] GET /js/build/pdf.js HTTP/1.1 200 395163
0:0:0:0:0:0:0:1 - - [20/Oct/2021:09:06:54 +0530] GET /js/ViewerJS/viewer.js HTTP/1.1 200 394480
0:0:0:0:0:0:0:1 - - [20/Oct/2021:09:06:55 +0530] GET /js/build/pdf.worker.js HTTP/1.1 200 1863894
0:0:0:0:0:0:0:1 - - [20/Oct/2021:09:07:09 +0530] GET /console/mobiledocumentviewer?documentid=69&revisionid=1.0 HTTP/1.1 200 46989
0:0:0:0:0:0:0:1 - - [20/Oct/2021:09:08:27 +0530] GET /console HTTP/1.1 200 11341
0:0:0:0:0:0:0:1 - - [20/Oct/2021:09:08:28 +0530] GET /console/profilepicture?size=medium&username=ADMINISTRATOR HTTP/1.1 200 1872
0:0:0:0:0:0:0:1 - - [20/Oct/2021:09:08:37 +0530] GET /console/opendocumentclass?classid=1 HTTP/1.1 200 16413
0:0:0:0:0:0:0:1 - - [20/Oct/2021:09:08:40 +0530] GET /console/viewdocument?documentid=69&revisionid=1.0 HTTP/1.1 200 17951
0:0:0:0:0:0:0:1 - - [20/Oct/2021:09:08:41 +0530] GET /console/mobiledocumentviewer?documentid=69&revisionid=1.0 HTTP/1.1 200 46989
0:0:0:0:0:0:0:1 - - [20/Oct/2021:09:08:46 +0530] GET /console/opendocumentclass?classid=1 HTTP/1.1 200 16412
0:0:0:0:0:0:0:1 - - [20/Oct/2021:09:08:48 +0530] GET /console/viewdocument?view=quick&documentid=68&revisionid=1.0 HTTP/1.1 200 12212
0:0:0:0:0:0:0:1 - - [20/Oct/2021:09:08:49 +0530] GET /console/mobiledocumentviewer?documentid=68&revisionid=1.0 HTTP/1.1 200 933
0:0:0:0:0:0:0:1 - - [20/Oct/2021:09:08:50 +0530] GET /console/viewdocument?view=quick&documentid=67&revisionid=1.0 HTTP/1.1 200 12239
0:0:0:0:0:0:0:1 - - [20/Oct/2021:09:08:51 +0530] GET /console/mobiledocumentviewer?documentid=67&revisionid=1.0 HTTP/1.1 200 81651
0:0:0:0:0:0:0:1 - - [20/Oct/2021:09:08:55 +0530] GET /console/viewdocument?view=quick&documentid=57&revisionid=1.0 HTTP/1.1 200 12229
0:0:0:0:0:0:0:1 - - [20/Oct/2021:09:08:56 +0530] GET /console/mobiledocumentviewer?documentid=57&revisionid=1.0 HTTP/1.1 200 91414
0:0:0:0:0:0:0:1 - - [20/Oct/2021:09:08:57 +0530] GET /console/viewdocument?view=quick&documentid=56&revisionid=1.0 HTTP/1.1 200 12227
0:0:0:0:0:0:0:1 - - [20/Oct/2021:09:08:58 +0530] GET /console/mobiledocumentviewer?documentid=56&revisionid=1.0 HTTP/1.1 200 1131930
0:0:0:0:0:0:0:1 - - [20/Oct/2021:09:09:15 +0530] GET /console/opendocumentclass?classid=1 HTTP/1.1 200 16413
0:0:0:0:0:0:0:1 - - [20/Oct/2021:09:09:15 +0530] GET /images/favicon.ico HTTP/1.1 200 1150
0:0:0:0:0:0:0:1 - - [20/Oct/2021:09:13:17 +0530] GET /console/opendocumentclass?&classid=1&mode=pdf HTTP/1.1 200 2793
0:0:0:0:0:0:0:1 - - [20/Oct/2021:09:13:23 +0530] POST /console/bulkdownload HTTP/1.1 200 4749292
0:0:0:0:0:0:0:1 - - [20/Oct/2021:09:16:31 +0530] GET /console HTTP/1.1 200 11457
0:0:0:0:0:0:0:1 - - [20/Oct/2021:09:16:31 +0530] GET /console/profilepicture?size=medium&username=ADMINISTRATOR HTTP/1.1 200 1872
0:0:0:0:0:0:0:1 - - [20/Oct/2021:09:20:01 +0530] GET /console HTTP/1.1 200 11457
0:0:0:0:0:0:0:1 - - [20/Oct/2021:09:20:01 +0530] GET /console/profilepicture?size=medium&username=ADMINISTRATOR HTTP/1.1 200 1872
0:0:0:0:0:0:0:1 - - [20/Oct/2021:09:20:01 +0530] GET /images/favicon.ico HTTP/1.1 200 1150
0:0:0:0:0:0:0:1 - - [20/Oct/2021:09:21:46 +0530] GET /console HTTP/1.1 200 11457
0:0:0:0:0:0:0:1 - - [20/Oct/2021:09:21:54 +0530] GET /console/profilepicture?size=medium&username=ADMINISTRATOR HTTP/1.1 200 1872
0:0:0:0:0:0:0:1 - - [20/Oct/2021:09:21:54 +0530] GET /images/favicon.ico HTTP/1.1 200 1150
0:0:0:0:0:0:0:1 - - [20/Oct/2021:09:22:03 +0530] GET /console HTTP/1.1 200 11457
0:0:0:0:0:0:0:1 - - [20/Oct/2021:09:22:59 +0530] GET /console/profilepicture?size=medium&username=ADMINISTRATOR HTTP/1.1 200 1872
0:0:0:0:0:0:0:1 - - [20/Oct/2021:09:22:59 +0530] GET /images/favicon.ico HTTP/1.1 200 1150
0:0:0:0:0:0:0:1 - - [20/Oct/2021:09:23:40 +0530] GET /console HTTP/1.1 200 11457
0:0:0:0:0:0:0:1 - - [20/Oct/2021:09:23:40 +0530] GET /console/profilepicture?size=medium&username=ADMINISTRATOR HTTP/1.1 200 840
0:0:0:0:0:0:0:1 - - [20/Oct/2021:09:23:40 +0530] GET /images/favicon.ico HTTP/1.1 200 1150
0:0:0:0:0:0:0:1 - - [20/Oct/2021:09:23:57 +0530] GET /console HTTP/1.1 200 11457
0:0:0:0:0:0:0:1 - - [20/Oct/2021:09:23:57 +0530] GET /console/profilepicture?size=medium&username=ADMINISTRATOR HTTP/1.1 200 840
0:0:0:0:0:0:0:1 - - [20/Oct/2021:09:23:58 +0530] GET /images/favicon.ico HTTP/1.1 200 1150
0:0:0:0:0:0:0:1 - - [20/Oct/2021:09:24:38 +0530] GET /console HTTP/1.1 200 11457
0:0:0:0:0:0:0:1 - - [20/Oct/2021:09:24:38 +0530] GET /console/profilepicture?size=medium&username=ADMINISTRATOR HTTP/1.1 200 840
0:0:0:0:0:0:0:1 - - [20/Oct/2021:09:24:39 +0530] GET /images/favicon.ico HTTP/1.1 200 1150
0:0:0:0:0:0:0:1 - - [20/Oct/2021:09:24:49 +0530] GET /console HTTP/1.1 200 11457
0:0:0:0:0:0:0:1 - - [20/Oct/2021:09:24:49 +0530] GET /console/profilepicture?size=medium&username=ADMINISTRATOR HTTP/1.1 200 1872
0:0:0:0:0:0:0:1 - - [20/Oct/2021:09:24:49 +0530] GET /images/favicon.ico HTTP/1.1 200 1150
0:0:0:0:0:0:0:1 - - [20/Oct/2021:09:30:02 +0530] GET /console HTTP/1.1 302 -
0:0:0:0:0:0:0:1 - - [20/Oct/2021:09:30:02 +0530] GET / HTTP/1.1 200 5726
0:0:0:0:0:0:0:1 - - [20/Oct/2021:09:30:03 +0530] POST /login HTTP/1.1 302 -
0:0:0:0:0:0:0:1 - - [20/Oct/2021:09:30:04 +0530] GET /console HTTP/1.1 200 11429
0:0:0:0:0:0:0:1 - - [20/Oct/2021:09:30:04 +0530] GET /console/profilepicture?size=medium&username=ADMINISTRATOR HTTP/1.1 200 840
0:0:0:0:0:0:0:1 - - [20/Oct/2021:09:30:05 +0530] GET /console/opendocumentclass?classid=1 HTTP/1.1 200 16413
0:0:0:0:0:0:0:1 - - [20/Oct/2021:09:30:13 +0530] GET /console HTTP/1.1 200 11429
0:0:0:0:0:0:0:1 - - [20/Oct/2021:09:30:13 +0530] GET /console/profilepicture?size=medium&username=ADMINISTRATOR HTTP/1.1 200 840
0:0:0:0:0:0:0:1 - - [20/Oct/2021:09:30:48 +0530] GET /console HTTP/1.1 302 -
0:0:0:0:0:0:0:1 - - [20/Oct/2021:09:30:48 +0530] GET / HTTP/1.1 200 5724
0:0:0:0:0:0:0:1 - - [20/Oct/2021:09:30:48 +0530] GET /css/bootstrap.css HTTP/1.1 200 213068
0:0:0:0:0:0:0:1 - - [20/Oct/2021:09:30:48 +0530] GET /css/bootstrap-dialog.css HTTP/1.1 200 2554
0:0:0:0:0:0:0:1 - - [20/Oct/2021:09:30:48 +0530] GET /css/datepicker.css HTTP/1.1 200 33702
0:0:0:0:0:0:0:1 - - [20/Oct/2021:09:30:48 +0530] GET /css/sticky-footer-navbar.css HTTP/1.1 200 938
0:0:0:0:0:0:0:1 - - [20/Oct/2021:09:30:48 +0530] GET /css/colorbox.css HTTP/1.1 200 4385
0:0:0:0:0:0:0:1 - - [20/Oct/2021:09:30:48 +0530] GET /css/krystal.css HTTP/1.1 200 7368
0:0:0:0:0:0:0:1 - - [20/Oct/2021:09:30:48 +0530] GET /css/morris.css HTTP/1.1 200 443
0:0:0:0:0:0:0:1 - - [20/Oct/2021:09:30:48 +0530] GET /css/bootstrap-icons.css HTTP/1.1 200 65631
0:0:0:0:0:0:0:1 - - [20/Oct/2021:09:30:49 +0530] GET /js/jquery.js HTTP/1.1 200 89503
0:0:0:0:0:0:0:1 - - [20/Oct/2021:09:30:49 +0530] GET /js/jquery.validate.min.js HTTP/1.1 200 21071
0:0:0:0:0:0:0:1 - - [20/Oct/2021:09:30:49 +0530] GET /js/additional-methods.min.js HTTP/1.1 200 13821
0:0:0:0:0:0:0:1 - - [20/Oct/2021:09:30:49 +0530] GET /js/odometer.min.js HTTP/1.1 200 9896
0:0:0:0:0:0:0:1 - - [20/Oct/2021:09:30:49 +0530] GET /js/bootstrap-datepicker.js HTTP/1.1 200 46820
0:0:0:0:0:0:0:1 - - [20/Oct/2021:09:30:49 +0530] GET /js/bootstrap-dialog.js HTTP/1.1 200 21189
0:0:0:0:0:0:0:1 - - [20/Oct/2021:09:30:49 +0530] GET /js/bootstrap.bundle.js HTTP/1.1 200 208002
0:0:0:0:0:0:0:1 - - [20/Oct/2021:09:30:49 +0530] GET /js/typeahead.min.js HTTP/1.1 200 21804
0:0:0:0:0:0:0:1 - - [20/Oct/2021:09:30:49 +0530] GET /js/jquery.colorbox-min.js HTTP/1.1 200 11095
0:0:0:0:0:0:0:1 - - [20/Oct/2021:09:30:49 +0530] GET /js/jquery.highlight.js HTTP/1.1 200 4089
0:0:0:0:0:0:0:1 - - [20/Oct/2021:09:30:49 +0530] GET /js/morris.js HTTP/1.1 200 60604
0:0:0:0:0:0:0:1 - - [20/Oct/2021:09:30:49 +0530] GET /js/raphael-min.js HTTP/1.1 200 90647
0:0:0:0:0:0:0:1 - - [20/Oct/2021:09:30:49 +0530] GET /js/scripts.js HTTP/1.1 200 18614
0:0:0:0:0:0:0:1 - - [20/Oct/2021:09:30:49 +0530] GET /images/krystal.png HTTP/1.1 200 7835
0:0:0:0:0:0:0:1 - - [20/Oct/2021:09:30:49 +0530] GET /fonts/bootstrap-icons.woff2 HTTP/1.1 200 90528
0:0:0:0:0:0:0:1 - - [20/Oct/2021:09:30:50 +0530] POST /login HTTP/1.1 302 -
0:0:0:0:0:0:0:1 - - [20/Oct/2021:09:30:50 +0530] GET /console HTTP/1.1 200 11401
0:0:0:0:0:0:0:1 - - [20/Oct/2021:09:30:51 +0530] GET /console/profilepicture?size=medium&username=ADMINISTRATOR HTTP/1.1 200 1872
0:0:0:0:0:0:0:1 - - [20/Oct/2021:09:31:01 +0530] GET /console/opendocumentclass?classid=1 HTTP/1.1 200 16413
0:0:0:0:0:0:0:1 - - [20/Oct/2021:09:31:03 +0530] GET /console/viewdocument?view=quick&documentid=69&revisionid=1.0 HTTP/1.1 200 12279
0:0:0:0:0:0:0:1 - - [20/Oct/2021:09:31:06 +0530] GET /console/mobiledocumentviewer?documentid=69&revisionid=1.0 HTTP/1.1 200 46989
0:0:0:0:0:0:0:1 - - [20/Oct/2021:09:31:13 +0530] GET /console/viewdocument?view=quick&documentid=68&revisionid=1.0 HTTP/1.1 200 12236
0:0:0:0:0:0:0:1 - - [20/Oct/2021:09:31:14 +0530] GET /console/mobiledocumentviewer?documentid=68&revisionid=1.0 HTTP/1.1 200 933
0:0:0:0:0:0:0:1 - - [20/Oct/2021:09:31:19 +0530] GET /console/viewdocument?view=quick&documentid=67&revisionid=1.0 HTTP/1.1 200 12239
0:0:0:0:0:0:0:1 - - [20/Oct/2021:09:31:19 +0530] GET /console/mobiledocumentviewer?documentid=67&revisionid=1.0 HTTP/1.1 200 81651
0:0:0:0:0:0:0:1 - - [20/Oct/2021:09:31:22 +0530] GET /console/viewdocument?view=quick&documentid=57&revisionid=1.0 HTTP/1.1 200 12229
0:0:0:0:0:0:0:1 - - [20/Oct/2021:09:31:23 +0530] GET /console/mobiledocumentviewer?documentid=57&revisionid=1.0 HTTP/1.1 200 91414
0:0:0:0:0:0:0:1 - - [20/Oct/2021:09:31:26 +0530] GET /console/viewdocument?view=quick&documentid=56&revisionid=1.0 HTTP/1.1 200 12227
0:0:0:0:0:0:0:1 - - [20/Oct/2021:09:31:27 +0530] GET /console/mobiledocumentviewer?documentid=56&revisionid=1.0 HTTP/1.1 200 1131930
0:0:0:0:0:0:0:1 - - [20/Oct/2021:09:31:46 +0530] GET /console/opendocumentclass?classid=1 HTTP/1.1 200 16413
0:0:0:0:0:0:0:1 - - [20/Oct/2021:09:31:46 +0530] GET /images/favicon.ico HTTP/1.1 200 1150
0:0:0:0:0:0:0:1 - - [20/Oct/2021:09:31:47 +0530] GET /console HTTP/1.1 200 11406
0:0:0:0:0:0:0:1 - - [20/Oct/2021:09:31:47 +0530] GET /console/profilepicture?size=medium&username=ADMINISTRATOR HTTP/1.1 200 1872
