0:0:0:0:0:0:0:1 - - [21/Oct/2021:08:27:13 +0530] GET / HTTP/1.1 200 5725
0:0:0:0:0:0:0:1 - - [21/Oct/2021:08:27:13 +0530] GET /css/datepicker.css HTTP/1.1 200 33702
0:0:0:0:0:0:0:1 - - [21/Oct/2021:08:27:13 +0530] GET /css/bootstrap.css HTTP/1.1 200 213068
0:0:0:0:0:0:0:1 - - [21/Oct/2021:08:27:13 +0530] GET /css/bootstrap-dialog.css HTTP/1.1 200 2554
0:0:0:0:0:0:0:1 - - [21/Oct/2021:08:27:13 +0530] GET /css/colorbox.css HTTP/1.1 200 4385
0:0:0:0:0:0:0:1 - - [21/Oct/2021:08:27:13 +0530] GET /css/sticky-footer-navbar.css HTTP/1.1 200 938
0:0:0:0:0:0:0:1 - - [21/Oct/2021:08:27:13 +0530] GET /css/morris.css HTTP/1.1 200 443
0:0:0:0:0:0:0:1 - - [21/Oct/2021:08:27:13 +0530] GET /css/krystal.css HTTP/1.1 200 7368
0:0:0:0:0:0:0:1 - - [21/Oct/2021:08:27:13 +0530] GET /js/jquery.js HTTP/1.1 200 89503
0:0:0:0:0:0:0:1 - - [21/Oct/2021:08:27:13 +0530] GET /css/bootstrap-icons.css HTTP/1.1 200 65631
0:0:0:0:0:0:0:1 - - [21/Oct/2021:08:27:13 +0530] GET /js/jquery.validate.min.js HTTP/1.1 200 21071
0:0:0:0:0:0:0:1 - - [21/Oct/2021:08:27:13 +0530] GET /js/additional-methods.min.js HTTP/1.1 200 13821
0:0:0:0:0:0:0:1 - - [21/Oct/2021:08:27:13 +0530] GET /js/odometer.min.js HTTP/1.1 200 9896
0:0:0:0:0:0:0:1 - - [21/Oct/2021:08:27:13 +0530] GET /js/bootstrap-dialog.js HTTP/1.1 200 21189
0:0:0:0:0:0:0:1 - - [21/Oct/2021:08:27:13 +0530] GET /js/bootstrap.bundle.js HTTP/1.1 200 208002
0:0:0:0:0:0:0:1 - - [21/Oct/2021:08:27:13 +0530] GET /js/typeahead.min.js HTTP/1.1 200 21804
0:0:0:0:0:0:0:1 - - [21/Oct/2021:08:27:13 +0530] GET /js/bootstrap-datepicker.js HTTP/1.1 200 46820
0:0:0:0:0:0:0:1 - - [21/Oct/2021:08:27:13 +0530] GET /js/jquery.colorbox-min.js HTTP/1.1 200 11095
0:0:0:0:0:0:0:1 - - [21/Oct/2021:08:27:13 +0530] GET /js/jquery.highlight.js HTTP/1.1 200 4089
0:0:0:0:0:0:0:1 - - [21/Oct/2021:08:27:13 +0530] GET /js/morris.js HTTP/1.1 200 60604
0:0:0:0:0:0:0:1 - - [21/Oct/2021:08:27:13 +0530] GET /js/raphael-min.js HTTP/1.1 200 90647
0:0:0:0:0:0:0:1 - - [21/Oct/2021:08:27:13 +0530] GET /js/scripts.js HTTP/1.1 200 18614
0:0:0:0:0:0:0:1 - - [21/Oct/2021:08:27:13 +0530] GET /images/krystal.png HTTP/1.1 200 7835
0:0:0:0:0:0:0:1 - - [21/Oct/2021:08:27:14 +0530] GET /fonts/bootstrap-icons.woff2 HTTP/1.1 200 90528
0:0:0:0:0:0:0:1 - - [21/Oct/2021:08:27:16 +0530] POST /login HTTP/1.1 302 -
0:0:0:0:0:0:0:1 - - [21/Oct/2021:08:27:16 +0530] GET /console HTTP/1.1 200 11406
0:0:0:0:0:0:0:1 - - [21/Oct/2021:08:27:17 +0530] GET /console/profilepicture?size=medium&username=ADMINISTRATOR HTTP/1.1 200 1872
0:0:0:0:0:0:0:1 - - [21/Oct/2021:08:27:26 +0530] GET /console/opendocumentclass?classid=1 HTTP/1.1 200 16413
0:0:0:0:0:0:0:1 - - [21/Oct/2021:08:27:26 +0530] GET /images/FILE.gif HTTP/1.1 200 1064
0:0:0:0:0:0:0:1 - - [21/Oct/2021:08:27:26 +0530] GET /images/TXT.gif HTTP/1.1 200 897
0:0:0:0:0:0:0:1 - - [21/Oct/2021:08:27:26 +0530] GET /images/DOCX.gif HTTP/1.1 200 432
0:0:0:0:0:0:0:1 - - [21/Oct/2021:08:27:26 +0530] GET /images/PDF.gif HTTP/1.1 200 624
0:0:0:0:0:0:0:1 - - [21/Oct/2021:08:27:26 +0530] GET /images/JPG.gif HTTP/1.1 200 942
0:0:0:0:0:0:0:1 - - [21/Oct/2021:08:27:26 +0530] GET /images/TIFF.gif HTTP/1.1 200 130
0:0:0:0:0:0:0:1 - - [21/Oct/2021:08:27:26 +0530] GET /images/PNG.gif HTTP/1.1 200 918
0:0:0:0:0:0:0:1 - - [21/Oct/2021:08:27:29 +0530] GET /images/controls.png HTTP/1.1 200 2893
0:0:0:0:0:0:0:1 - - [21/Oct/2021:08:27:29 +0530] GET /images/overlay.png HTTP/1.1 200 182
0:0:0:0:0:0:0:1 - - [21/Oct/2021:08:27:29 +0530] GET /images/border.png HTTP/1.1 200 112
0:0:0:0:0:0:0:1 - - [21/Oct/2021:08:27:29 +0530] GET /images/loading_background.png HTTP/1.1 200 157
0:0:0:0:0:0:0:1 - - [21/Oct/2021:08:27:29 +0530] GET /images/loading.gif HTTP/1.1 200 9427
0:0:0:0:0:0:0:1 - - [21/Oct/2021:08:27:29 +0530] GET /console/viewdocument?view=quick&documentid=69&revisionid=1.0 HTTP/1.1 200 12269
0:0:0:0:0:0:0:1 - - [21/Oct/2021:08:27:29 +0530] GET /js/ViewerJS/?file=/console/mobiledocumentviewer%3Fdocumentid%3D69%26revisionid%3D1.0 HTTP/1.1 200 19920
0:0:0:0:0:0:0:1 - - [21/Oct/2021:08:27:29 +0530] GET /js/build/pdf.js HTTP/1.1 200 395163
0:0:0:0:0:0:0:1 - - [21/Oct/2021:08:27:29 +0530] GET /js/ViewerJS/viewer.css HTTP/1.1 200 61770
0:0:0:0:0:0:0:1 - - [21/Oct/2021:08:27:29 +0530] GET /js/ViewerJS/viewer.js HTTP/1.1 200 394480
0:0:0:0:0:0:0:1 - - [21/Oct/2021:08:27:30 +0530] GET /js/ViewerJS/locale/locale.properties HTTP/1.1 200 4440
0:0:0:0:0:0:0:1 - - [21/Oct/2021:08:27:30 +0530] GET /js/ViewerJS/images/toolbarButton-viewThumbnail.svg HTTP/1.1 200 635
0:0:0:0:0:0:0:1 - - [21/Oct/2021:08:27:30 +0530] GET /js/ViewerJS/images/toolbarButton-sidebarToggle.svg HTTP/1.1 200 647
0:0:0:0:0:0:0:1 - - [21/Oct/2021:08:27:30 +0530] GET /js/ViewerJS/images/toolbarButton-search.svg HTTP/1.1 200 445
0:0:0:0:0:0:0:1 - - [21/Oct/2021:08:27:30 +0530] GET /js/ViewerJS/images/toolbarButton-pageUp.svg HTTP/1.1 200 490
0:0:0:0:0:0:0:1 - - [21/Oct/2021:08:27:30 +0530] GET /js/ViewerJS/images/toolbarButton-pageDown.svg HTTP/1.1 200 490
0:0:0:0:0:0:0:1 - - [21/Oct/2021:08:27:30 +0530] GET /js/ViewerJS/images/toolbarButton-presentationMode.svg HTTP/1.1 200 390
0:0:0:0:0:0:0:1 - - [21/Oct/2021:08:27:30 +0530] GET /js/ViewerJS/images/toolbarButton-print.svg HTTP/1.1 200 583
0:0:0:0:0:0:0:1 - - [21/Oct/2021:08:27:30 +0530] GET /js/ViewerJS/images/toolbarButton-zoomIn.svg HTTP/1.1 200 397
0:0:0:0:0:0:0:1 - - [21/Oct/2021:08:27:30 +0530] GET /js/ViewerJS/locale/en-US/viewer.properties HTTP/1.1 200 11005
0:0:0:0:0:0:0:1 - - [21/Oct/2021:08:27:30 +0530] GET /js/ViewerJS/images/toolbarButton-secondaryToolbarToggle.svg HTTP/1.1 200 522
0:0:0:0:0:0:0:1 - - [21/Oct/2021:08:27:30 +0530] GET /js/ViewerJS/images/toolbarButton-zoomOut.svg HTTP/1.1 200 355
0:0:0:0:0:0:0:1 - - [21/Oct/2021:08:27:30 +0530] GET /js/ViewerJS/images/toolbarButton-menuArrow.svg HTTP/1.1 200 224
0:0:0:0:0:0:0:1 - - [21/Oct/2021:08:27:30 +0530] GET /js/build/pdf.worker.js HTTP/1.1 200 1863894
0:0:0:0:0:0:0:1 - - [21/Oct/2021:08:27:32 +0530] GET /console/mobiledocumentviewer?documentid=69&revisionid=1.0 HTTP/1.1 200 46989
0:0:0:0:0:0:0:1 - - [21/Oct/2021:08:27:32 +0530] GET /js/ViewerJS/images/loading-icon.gif HTTP/1.1 200 2545
0:0:0:0:0:0:0:1 - - [21/Oct/2021:08:27:32 +0530] GET /js/ViewerJS/images/shadow.png HTTP/1.1 200 269
0:0:0:0:0:0:0:1 - - [21/Oct/2021:08:28:56 +0530] GET / HTTP/1.1 200 5800
0:0:0:0:0:0:0:1 - - [21/Oct/2021:08:28:59 +0530] POST /login HTTP/1.1 302 -
0:0:0:0:0:0:0:1 - - [21/Oct/2021:08:28:59 +0530] GET /console HTTP/1.1 200 11411
0:0:0:0:0:0:0:1 - - [21/Oct/2021:08:28:59 +0530] GET /console/profilepicture?size=medium&username=ADMINISTRATOR HTTP/1.1 200 1872
0:0:0:0:0:0:0:1 - - [21/Oct/2021:08:29:04 +0530] GET /logout HTTP/1.1 200 4896
0:0:0:0:0:0:0:1 - - [21/Oct/2021:08:29:05 +0530] GET / HTTP/1.1 200 5726
0:0:0:0:0:0:0:1 - - [21/Oct/2021:08:29:16 +0530] GET /status HTTP/1.1 404 -
0:0:0:0:0:0:0:1 - - [21/Oct/2021:08:29:21 +0530] GET /forgotpassword HTTP/1.1 200 5870
0:0:0:0:0:0:0:1 - - [21/Oct/2021:08:29:28 +0530] POST /login HTTP/1.1 302 -
0:0:0:0:0:0:0:1 - - [21/Oct/2021:08:29:28 +0530] GET /console HTTP/1.1 200 11356
0:0:0:0:0:0:0:1 - - [21/Oct/2021:08:29:28 +0530] GET /console/profilepicture?size=medium&username=ADMINISTRATOR HTTP/1.1 200 1872
0:0:0:0:0:0:0:1 - - [21/Oct/2021:08:33:09 +0530] GET /cpanel HTTP/1.1 200 6587
0:0:0:0:0:0:0:1 - - [21/Oct/2021:08:33:14 +0530] POST /console/search HTTP/1.1 200 6832
0:0:0:0:0:0:0:1 - - [21/Oct/2021:08:33:20 +0530] GET /console HTTP/1.1 200 11356
0:0:0:0:0:0:0:1 - - [21/Oct/2021:08:33:21 +0530] GET /console/profilepicture?size=medium&username=ADMINISTRATOR HTTP/1.1 200 1872
0:0:0:0:0:0:0:1 - - [21/Oct/2021:08:33:31 +0530] GET /console/deletebookmark?bookmarkid=13 HTTP/1.1 200 11232
0:0:0:0:0:0:0:1 - - [21/Oct/2021:08:33:32 +0530] GET /console/profilepicture?size=medium&username=ADMINISTRATOR HTTP/1.1 200 1872
0:0:0:0:0:0:0:1 - - [21/Oct/2021:08:33:44 +0530] GET /cpanel HTTP/1.1 200 6587
